<?xml version="1.0" encoding="UTF-8"?>
<testsuite xmlns:xsi="http://www.w3.org/2001/XMLSchema-instance" xsi:noNamespaceSchemaLocation="https://maven.apache.org/surefire/maven-surefire-plugin/xsd/surefire-test-report-3.0.xsd" version="3.0" name="com.sonmez.controllers.ProductControllerIntegrationTests" time="7.227" tests="12" errors="0" skipped="0" failures="0">
  <properties>
[...]
</properties>
  <testcase name="testThatProductReturnsHttpStatus400WhenProductNotFoundWhileUpdating" classname="com.sonmez.controllers.ProductControllerIntegrationTests" time="0.888">
    <system-out><![CDATA[2024-04-20T23:41:10.198+03:00  INFO 13272 --- [           main] t.c.s.AnnotationConfigContextLoaderUtils : Could not detect default configuration classes for test class [com.sonmez.controllers.ProductControllerIntegrationTests]: ProductControllerIntegrationTests does not declare any static, non-private, non-final, nested classes annotated with @Configuration.
2024-04-20T23:41:10.239+03:00  INFO 13272 --- [           main] .b.t.c.SpringBootTestContextBootstrapper : Found @SpringBootConfiguration com.sonmez.Application for test class com.sonmez.controllers.ProductControllerIntegrationTests

  .   ____          _            __ _ _
 /\\ / ___'_ __ _ _(_)_ __  __ _ \ \ \ \
( ( )\___ | '_ | '_| | '_ \/ _` | \ \ \ \
 \\/  ___)| |_)| | | | | || (_| |  ) ) ) )
  '  |____| .__|_| |_|_| |_\__, | / / / /
 =========|_|==============|___/=/_/_/_/
 :: Spring Boot ::                (v3.2.5)

2024-04-20T23:41:10.297+03:00  INFO 13272 --- [           main] c.s.c.ProductControllerIntegrationTests  : Starting ProductControllerIntegrationTests using Java 21.0.2 with PID 13272 (started by MTopr in D:\Projects\website)
2024-04-20T23:41:10.297+03:00  INFO 13272 --- [           main] c.s.c.ProductControllerIntegrationTests  : No active profile set, falling back to 1 default profile: "default"
2024-04-20T23:41:10.528+03:00  INFO 13272 --- [           main] .s.d.r.c.RepositoryConfigurationDelegate : Bootstrapping Spring Data JPA repositories in DEFAULT mode.
2024-04-20T23:41:10.544+03:00  INFO 13272 --- [           main] .s.d.r.c.RepositoryConfigurationDelegate : Finished Spring Data repository scanning in 15 ms. Found 2 JPA repository interfaces.
2024-04-20T23:41:10.665+03:00  INFO 13272 --- [           main] com.zaxxer.hikari.HikariDataSource       : HikariPool-2 - Starting...
2024-04-20T23:41:10.667+03:00  INFO 13272 --- [           main] com.zaxxer.hikari.pool.HikariPool        : HikariPool-2 - Added connection conn10: url=jdbc:h2:mem:testdb user=SA
2024-04-20T23:41:10.667+03:00  INFO 13272 --- [           main] com.zaxxer.hikari.HikariDataSource       : HikariPool-2 - Start completed.
2024-04-20T23:41:10.669+03:00  INFO 13272 --- [           main] o.hibernate.jpa.internal.util.LogHelper  : HHH000204: Processing PersistenceUnitInfo [name: default]
2024-04-20T23:41:10.671+03:00  INFO 13272 --- [           main] o.h.c.internal.RegionFactoryInitiator    : HHH000026: Second-level cache disabled
2024-04-20T23:41:10.676+03:00  INFO 13272 --- [           main] o.s.o.j.p.SpringPersistenceUnitInfo      : No LoadTimeWeaver setup: ignoring JPA class transformer
2024-04-20T23:41:10.762+03:00  INFO 13272 --- [           main] o.h.e.t.j.p.i.JtaPlatformInitiator       : HHH000489: No JTA platform available (set 'hibernate.transaction.jta.platform' to enable JTA platform integration)
2024-04-20T23:41:10.773+03:00  INFO 13272 --- [           main] j.LocalContainerEntityManagerFactoryBean : Initialized JPA EntityManagerFactory for persistence unit 'default'
2024-04-20T23:41:10.855+03:00  WARN 13272 --- [           main] JpaBaseConfiguration$JpaWebConfiguration : spring.jpa.open-in-view is enabled by default. Therefore, database queries may be performed during view rendering. Explicitly configure spring.jpa.open-in-view to disable this warning
2024-04-20T23:41:10.997+03:00  INFO 13272 --- [           main] o.s.b.t.m.w.SpringBootMockServletContext : Initializing Spring TestDispatcherServlet ''
2024-04-20T23:41:10.997+03:00  INFO 13272 --- [           main] o.s.t.web.servlet.TestDispatcherServlet  : Initializing Servlet ''
2024-04-20T23:41:11.001+03:00  INFO 13272 --- [           main] o.s.t.web.servlet.TestDispatcherServlet  : Completed initialization in 2 ms
2024-04-20T23:41:11.010+03:00  INFO 13272 --- [           main] c.s.c.ProductControllerIntegrationTests  : Started ProductControllerIntegrationTests in 0.752 seconds (process running for 8.903)
2024-04-20T23:41:11.894+03:00  INFO 13272 --- [           main] j.LocalContainerEntityManagerFactoryBean : Closing JPA EntityManagerFactory for persistence unit 'default'
2024-04-20T23:41:11.900+03:00  INFO 13272 --- [           main] com.zaxxer.hikari.HikariDataSource       : HikariPool-2 - Shutdown initiated...
2024-04-20T23:41:11.905+03:00  INFO 13272 --- [           main] com.zaxxer.hikari.HikariDataSource       : HikariPool-2 - Shutdown completed.
]]></system-out>
  </testcase>
  <testcase name="testThatDeleteProductReturnsHttpStatus204" classname="com.sonmez.controllers.ProductControllerIntegrationTests" time="0.066">
    <system-out><![CDATA[
  .   ____          _            __ _ _
 /\\ / ___'_ __ _ _(_)_ __  __ _ \ \ \ \
( ( )\___ | '_ | '_| | '_ \/ _` | \ \ \ \
 \\/  ___)| |_)| | | | | || (_| |  ) ) ) )
  '  |____| .__|_| |_|_| |_\__, | / / / /
 =========|_|==============|___/=/_/_/_/
 :: Spring Boot ::                (v3.2.5)

2024-04-20T23:41:11.938+03:00  INFO 13272 --- [           main] c.s.c.ProductControllerIntegrationTests  : Starting ProductControllerIntegrationTests using Java 21.0.2 with PID 13272 (started by MTopr in D:\Projects\website)
2024-04-20T23:41:11.938+03:00  INFO 13272 --- [           main] c.s.c.ProductControllerIntegrationTests  : No active profile set, falling back to 1 default profile: "default"
2024-04-20T23:41:12.136+03:00  INFO 13272 --- [           main] .s.d.r.c.RepositoryConfigurationDelegate : Bootstrapping Spring Data JPA repositories in DEFAULT mode.
2024-04-20T23:41:12.153+03:00  INFO 13272 --- [           main] .s.d.r.c.RepositoryConfigurationDelegate : Finished Spring Data repository scanning in 16 ms. Found 2 JPA repository interfaces.
2024-04-20T23:41:12.250+03:00  INFO 13272 --- [           main] com.zaxxer.hikari.HikariDataSource       : HikariPool-3 - Starting...
2024-04-20T23:41:12.251+03:00  INFO 13272 --- [           main] com.zaxxer.hikari.pool.HikariPool        : HikariPool-3 - Added connection conn20: url=jdbc:h2:mem:testdb user=SA
2024-04-20T23:41:12.251+03:00  INFO 13272 --- [           main] com.zaxxer.hikari.HikariDataSource       : HikariPool-3 - Start completed.
2024-04-20T23:41:12.252+03:00  INFO 13272 --- [           main] o.hibernate.jpa.internal.util.LogHelper  : HHH000204: Processing PersistenceUnitInfo [name: default]
2024-04-20T23:41:12.254+03:00  INFO 13272 --- [           main] o.h.c.internal.RegionFactoryInitiator    : HHH000026: Second-level cache disabled
2024-04-20T23:41:12.259+03:00  INFO 13272 --- [           main] o.s.o.j.p.SpringPersistenceUnitInfo      : No LoadTimeWeaver setup: ignoring JPA class transformer
2024-04-20T23:41:12.313+03:00  INFO 13272 --- [           main] o.h.e.t.j.p.i.JtaPlatformInitiator       : HHH000489: No JTA platform available (set 'hibernate.transaction.jta.platform' to enable JTA platform integration)
2024-04-20T23:41:12.318+03:00  INFO 13272 --- [           main] j.LocalContainerEntityManagerFactoryBean : Initialized JPA EntityManagerFactory for persistence unit 'default'
2024-04-20T23:41:12.377+03:00  WARN 13272 --- [           main] JpaBaseConfiguration$JpaWebConfiguration : spring.jpa.open-in-view is enabled by default. Therefore, database queries may be performed during view rendering. Explicitly configure spring.jpa.open-in-view to disable this warning
2024-04-20T23:41:12.480+03:00  INFO 13272 --- [           main] o.s.b.t.m.w.SpringBootMockServletContext : Initializing Spring TestDispatcherServlet ''
2024-04-20T23:41:12.480+03:00  INFO 13272 --- [           main] o.s.t.web.servlet.TestDispatcherServlet  : Initializing Servlet ''
2024-04-20T23:41:12.481+03:00  INFO 13272 --- [           main] o.s.t.web.servlet.TestDispatcherServlet  : Completed initialization in 1 ms
2024-04-20T23:41:12.488+03:00  INFO 13272 --- [           main] c.s.c.ProductControllerIntegrationTests  : Started ProductControllerIntegrationTests in 0.576 seconds (process running for 10.38)
2024-04-20T23:41:12.553+03:00  INFO 13272 --- [           main] j.LocalContainerEntityManagerFactoryBean : Closing JPA EntityManagerFactory for persistence unit 'default'
2024-04-20T23:41:12.555+03:00  INFO 13272 --- [           main] com.zaxxer.hikari.HikariDataSource       : HikariPool-3 - Shutdown initiated...
2024-04-20T23:41:12.556+03:00  INFO 13272 --- [           main] com.zaxxer.hikari.HikariDataSource       : HikariPool-3 - Shutdown completed.
]]></system-out>
  </testcase>
  <testcase name="testThatProductReturnsHttpStatus200WhenProductExists" classname="com.sonmez.controllers.ProductControllerIntegrationTests" time="0.066">
    <system-out><![CDATA[
  .   ____          _            __ _ _
 /\\ / ___'_ __ _ _(_)_ __  __ _ \ \ \ \
( ( )\___ | '_ | '_| | '_ \/ _` | \ \ \ \
 \\/  ___)| |_)| | | | | || (_| |  ) ) ) )
  '  |____| .__|_| |_|_| |_\__, | / / / /
 =========|_|==============|___/=/_/_/_/
 :: Spring Boot ::                (v3.2.5)

2024-04-20T23:41:12.585+03:00  INFO 13272 --- [           main] c.s.c.ProductControllerIntegrationTests  : Starting ProductControllerIntegrationTests using Java 21.0.2 with PID 13272 (started by MTopr in D:\Projects\website)
2024-04-20T23:41:12.585+03:00  INFO 13272 --- [           main] c.s.c.ProductControllerIntegrationTests  : No active profile set, falling back to 1 default profile: "default"
2024-04-20T23:41:12.757+03:00  INFO 13272 --- [           main] .s.d.r.c.RepositoryConfigurationDelegate : Bootstrapping Spring Data JPA repositories in DEFAULT mode.
2024-04-20T23:41:12.784+03:00  INFO 13272 --- [           main] .s.d.r.c.RepositoryConfigurationDelegate : Finished Spring Data repository scanning in 26 ms. Found 2 JPA repository interfaces.
2024-04-20T23:41:12.855+03:00  INFO 13272 --- [           main] com.zaxxer.hikari.HikariDataSource       : HikariPool-4 - Starting...
2024-04-20T23:41:12.856+03:00  INFO 13272 --- [           main] com.zaxxer.hikari.pool.HikariPool        : HikariPool-4 - Added connection conn30: url=jdbc:h2:mem:testdb user=SA
2024-04-20T23:41:12.856+03:00  INFO 13272 --- [           main] com.zaxxer.hikari.HikariDataSource       : HikariPool-4 - Start completed.
2024-04-20T23:41:12.858+03:00  INFO 13272 --- [           main] o.hibernate.jpa.internal.util.LogHelper  : HHH000204: Processing PersistenceUnitInfo [name: default]
2024-04-20T23:41:12.861+03:00  INFO 13272 --- [           main] o.h.c.internal.RegionFactoryInitiator    : HHH000026: Second-level cache disabled
2024-04-20T23:41:12.866+03:00  INFO 13272 --- [           main] o.s.o.j.p.SpringPersistenceUnitInfo      : No LoadTimeWeaver setup: ignoring JPA class transformer
2024-04-20T23:41:12.916+03:00  INFO 13272 --- [           main] o.h.e.t.j.p.i.JtaPlatformInitiator       : HHH000489: No JTA platform available (set 'hibernate.transaction.jta.platform' to enable JTA platform integration)
2024-04-20T23:41:12.920+03:00  INFO 13272 --- [           main] j.LocalContainerEntityManagerFactoryBean : Initialized JPA EntityManagerFactory for persistence unit 'default'
2024-04-20T23:41:12.970+03:00  WARN 13272 --- [           main] JpaBaseConfiguration$JpaWebConfiguration : spring.jpa.open-in-view is enabled by default. Therefore, database queries may be performed during view rendering. Explicitly configure spring.jpa.open-in-view to disable this warning
2024-04-20T23:41:13.068+03:00  INFO 13272 --- [           main] o.s.b.t.m.w.SpringBootMockServletContext : Initializing Spring TestDispatcherServlet ''
2024-04-20T23:41:13.068+03:00  INFO 13272 --- [           main] o.s.t.web.servlet.TestDispatcherServlet  : Initializing Servlet ''
2024-04-20T23:41:13.069+03:00  INFO 13272 --- [           main] o.s.t.web.servlet.TestDispatcherServlet  : Completed initialization in 1 ms
2024-04-20T23:41:13.073+03:00  INFO 13272 --- [           main] c.s.c.ProductControllerIntegrationTests  : Started ProductControllerIntegrationTests in 0.514 seconds (process running for 10.966)
2024-04-20T23:41:13.139+03:00  INFO 13272 --- [           main] j.LocalContainerEntityManagerFactoryBean : Closing JPA EntityManagerFactory for persistence unit 'default'
2024-04-20T23:41:13.140+03:00  INFO 13272 --- [           main] com.zaxxer.hikari.HikariDataSource       : HikariPool-4 - Shutdown initiated...
2024-04-20T23:41:13.141+03:00  INFO 13272 --- [           main] com.zaxxer.hikari.HikariDataSource       : HikariPool-4 - Shutdown completed.
]]></system-out>
  </testcase>
  <testcase name="testThatProductReturnsHttpStatus200WhenProductUpdatedSuccessfully" classname="com.sonmez.controllers.ProductControllerIntegrationTests" time="0.053">
    <system-out><![CDATA[
  .   ____          _            __ _ _
 /\\ / ___'_ __ _ _(_)_ __  __ _ \ \ \ \
( ( )\___ | '_ | '_| | '_ \/ _` | \ \ \ \
 \\/  ___)| |_)| | | | | || (_| |  ) ) ) )
  '  |____| .__|_| |_|_| |_\__, | / / / /
 =========|_|==============|___/=/_/_/_/
 :: Spring Boot ::                (v3.2.5)

2024-04-20T23:41:13.162+03:00  INFO 13272 --- [           main] c.s.c.ProductControllerIntegrationTests  : Starting ProductControllerIntegrationTests using Java 21.0.2 with PID 13272 (started by MTopr in D:\Projects\website)
2024-04-20T23:41:13.162+03:00  INFO 13272 --- [           main] c.s.c.ProductControllerIntegrationTests  : No active profile set, falling back to 1 default profile: "default"
2024-04-20T23:41:13.334+03:00  INFO 13272 --- [           main] .s.d.r.c.RepositoryConfigurationDelegate : Bootstrapping Spring Data JPA repositories in DEFAULT mode.
2024-04-20T23:41:13.348+03:00  INFO 13272 --- [           main] .s.d.r.c.RepositoryConfigurationDelegate : Finished Spring Data repository scanning in 14 ms. Found 2 JPA repository interfaces.
2024-04-20T23:41:13.404+03:00  INFO 13272 --- [           main] com.zaxxer.hikari.HikariDataSource       : HikariPool-5 - Starting...
2024-04-20T23:41:13.405+03:00  INFO 13272 --- [           main] com.zaxxer.hikari.pool.HikariPool        : HikariPool-5 - Added connection conn40: url=jdbc:h2:mem:testdb user=SA
2024-04-20T23:41:13.405+03:00  INFO 13272 --- [           main] com.zaxxer.hikari.HikariDataSource       : HikariPool-5 - Start completed.
2024-04-20T23:41:13.406+03:00  INFO 13272 --- [           main] o.hibernate.jpa.internal.util.LogHelper  : HHH000204: Processing PersistenceUnitInfo [name: default]
2024-04-20T23:41:13.409+03:00  INFO 13272 --- [           main] o.h.c.internal.RegionFactoryInitiator    : HHH000026: Second-level cache disabled
2024-04-20T23:41:13.414+03:00  INFO 13272 --- [           main] o.s.o.j.p.SpringPersistenceUnitInfo      : No LoadTimeWeaver setup: ignoring JPA class transformer
2024-04-20T23:41:13.467+03:00  INFO 13272 --- [           main] o.h.e.t.j.p.i.JtaPlatformInitiator       : HHH000489: No JTA platform available (set 'hibernate.transaction.jta.platform' to enable JTA platform integration)
2024-04-20T23:41:13.472+03:00  INFO 13272 --- [           main] j.LocalContainerEntityManagerFactoryBean : Initialized JPA EntityManagerFactory for persistence unit 'default'
2024-04-20T23:41:13.519+03:00  WARN 13272 --- [           main] JpaBaseConfiguration$JpaWebConfiguration : spring.jpa.open-in-view is enabled by default. Therefore, database queries may be performed during view rendering. Explicitly configure spring.jpa.open-in-view to disable this warning
2024-04-20T23:41:13.607+03:00  INFO 13272 --- [           main] o.s.b.t.m.w.SpringBootMockServletContext : Initializing Spring TestDispatcherServlet ''
2024-04-20T23:41:13.608+03:00  INFO 13272 --- [           main] o.s.t.web.servlet.TestDispatcherServlet  : Initializing Servlet ''
2024-04-20T23:41:13.608+03:00  INFO 13272 --- [           main] o.s.t.web.servlet.TestDispatcherServlet  : Completed initialization in 0 ms
2024-04-20T23:41:13.613+03:00  INFO 13272 --- [           main] c.s.c.ProductControllerIntegrationTests  : Started ProductControllerIntegrationTests in 0.469 seconds (process running for 11.505)
2024-04-20T23:41:13.665+03:00  INFO 13272 --- [           main] j.LocalContainerEntityManagerFactoryBean : Closing JPA EntityManagerFactory for persistence unit 'default'
2024-04-20T23:41:13.667+03:00  INFO 13272 --- [           main] com.zaxxer.hikari.HikariDataSource       : HikariPool-5 - Shutdown initiated...
2024-04-20T23:41:13.668+03:00  INFO 13272 --- [           main] com.zaxxer.hikari.HikariDataSource       : HikariPool-5 - Shutdown completed.
]]></system-out>
  </testcase>
  <testcase name="testThatListProductsReturnsListOfAuthors" classname="com.sonmez.controllers.ProductControllerIntegrationTests" time="0.122">
    <system-out><![CDATA[
  .   ____          _            __ _ _
 /\\ / ___'_ __ _ _(_)_ __  __ _ \ \ \ \
( ( )\___ | '_ | '_| | '_ \/ _` | \ \ \ \
 \\/  ___)| |_)| | | | | || (_| |  ) ) ) )
  '  |____| .__|_| |_|_| |_\__, | / / / /
 =========|_|==============|___/=/_/_/_/
 :: Spring Boot ::                (v3.2.5)

2024-04-20T23:41:13.689+03:00  INFO 13272 --- [           main] c.s.c.ProductControllerIntegrationTests  : Starting ProductControllerIntegrationTests using Java 21.0.2 with PID 13272 (started by MTopr in D:\Projects\website)
2024-04-20T23:41:13.689+03:00  INFO 13272 --- [           main] c.s.c.ProductControllerIntegrationTests  : No active profile set, falling back to 1 default profile: "default"
2024-04-20T23:41:13.843+03:00  INFO 13272 --- [           main] .s.d.r.c.RepositoryConfigurationDelegate : Bootstrapping Spring Data JPA repositories in DEFAULT mode.
2024-04-20T23:41:13.857+03:00  INFO 13272 --- [           main] .s.d.r.c.RepositoryConfigurationDelegate : Finished Spring Data repository scanning in 13 ms. Found 2 JPA repository interfaces.
2024-04-20T23:41:13.916+03:00  INFO 13272 --- [           main] com.zaxxer.hikari.HikariDataSource       : HikariPool-6 - Starting...
2024-04-20T23:41:13.917+03:00  INFO 13272 --- [           main] com.zaxxer.hikari.pool.HikariPool        : HikariPool-6 - Added connection conn50: url=jdbc:h2:mem:testdb user=SA
2024-04-20T23:41:13.917+03:00  INFO 13272 --- [           main] com.zaxxer.hikari.HikariDataSource       : HikariPool-6 - Start completed.
2024-04-20T23:41:13.918+03:00  INFO 13272 --- [           main] o.hibernate.jpa.internal.util.LogHelper  : HHH000204: Processing PersistenceUnitInfo [name: default]
2024-04-20T23:41:13.921+03:00  INFO 13272 --- [           main] o.h.c.internal.RegionFactoryInitiator    : HHH000026: Second-level cache disabled
2024-04-20T23:41:13.925+03:00  INFO 13272 --- [           main] o.s.o.j.p.SpringPersistenceUnitInfo      : No LoadTimeWeaver setup: ignoring JPA class transformer
2024-04-20T23:41:13.981+03:00  INFO 13272 --- [           main] o.h.e.t.j.p.i.JtaPlatformInitiator       : HHH000489: No JTA platform available (set 'hibernate.transaction.jta.platform' to enable JTA platform integration)
2024-04-20T23:41:13.986+03:00  INFO 13272 --- [           main] j.LocalContainerEntityManagerFactoryBean : Initialized JPA EntityManagerFactory for persistence unit 'default'
2024-04-20T23:41:14.030+03:00  WARN 13272 --- [           main] JpaBaseConfiguration$JpaWebConfiguration : spring.jpa.open-in-view is enabled by default. Therefore, database queries may be performed during view rendering. Explicitly configure spring.jpa.open-in-view to disable this warning
2024-04-20T23:41:14.123+03:00  INFO 13272 --- [           main] o.s.b.t.m.w.SpringBootMockServletContext : Initializing Spring TestDispatcherServlet ''
2024-04-20T23:41:14.123+03:00  INFO 13272 --- [           main] o.s.t.web.servlet.TestDispatcherServlet  : Initializing Servlet ''
2024-04-20T23:41:14.123+03:00  INFO 13272 --- [           main] o.s.t.web.servlet.TestDispatcherServlet  : Completed initialization in 0 ms
2024-04-20T23:41:14.128+03:00  INFO 13272 --- [           main] c.s.c.ProductControllerIntegrationTests  : Started ProductControllerIntegrationTests in 0.457 seconds (process running for 12.021)
2024-04-20T23:41:14.250+03:00  INFO 13272 --- [           main] j.LocalContainerEntityManagerFactoryBean : Closing JPA EntityManagerFactory for persistence unit 'default'
2024-04-20T23:41:14.252+03:00  INFO 13272 --- [           main] com.zaxxer.hikari.HikariDataSource       : HikariPool-6 - Shutdown initiated...
2024-04-20T23:41:14.253+03:00  INFO 13272 --- [           main] com.zaxxer.hikari.HikariDataSource       : HikariPool-6 - Shutdown completed.
]]></system-out>
  </testcase>
  <testcase name="testThatProductDropsImagesIfTheyUpdatedToRemove" classname="com.sonmez.controllers.ProductControllerIntegrationTests" time="0.066">
    <system-out><![CDATA[
  .   ____          _            __ _ _
 /\\ / ___'_ __ _ _(_)_ __  __ _ \ \ \ \
( ( )\___ | '_ | '_| | '_ \/ _` | \ \ \ \
 \\/  ___)| |_)| | | | | || (_| |  ) ) ) )
  '  |____| .__|_| |_|_| |_\__, | / / / /
 =========|_|==============|___/=/_/_/_/
 :: Spring Boot ::                (v3.2.5)

2024-04-20T23:41:14.282+03:00  INFO 13272 --- [           main] c.s.c.ProductControllerIntegrationTests  : Starting ProductControllerIntegrationTests using Java 21.0.2 with PID 13272 (started by MTopr in D:\Projects\website)
2024-04-20T23:41:14.282+03:00  INFO 13272 --- [           main] c.s.c.ProductControllerIntegrationTests  : No active profile set, falling back to 1 default profile: "default"
2024-04-20T23:41:14.435+03:00  INFO 13272 --- [           main] .s.d.r.c.RepositoryConfigurationDelegate : Bootstrapping Spring Data JPA repositories in DEFAULT mode.
2024-04-20T23:41:14.449+03:00  INFO 13272 --- [           main] .s.d.r.c.RepositoryConfigurationDelegate : Finished Spring Data repository scanning in 13 ms. Found 2 JPA repository interfaces.
2024-04-20T23:41:14.509+03:00  INFO 13272 --- [           main] com.zaxxer.hikari.HikariDataSource       : HikariPool-7 - Starting...
2024-04-20T23:41:14.510+03:00  INFO 13272 --- [           main] com.zaxxer.hikari.pool.HikariPool        : HikariPool-7 - Added connection conn60: url=jdbc:h2:mem:testdb user=SA
2024-04-20T23:41:14.510+03:00  INFO 13272 --- [           main] com.zaxxer.hikari.HikariDataSource       : HikariPool-7 - Start completed.
2024-04-20T23:41:14.511+03:00  INFO 13272 --- [           main] o.hibernate.jpa.internal.util.LogHelper  : HHH000204: Processing PersistenceUnitInfo [name: default]
2024-04-20T23:41:14.514+03:00  INFO 13272 --- [           main] o.h.c.internal.RegionFactoryInitiator    : HHH000026: Second-level cache disabled
2024-04-20T23:41:14.519+03:00  INFO 13272 --- [           main] o.s.o.j.p.SpringPersistenceUnitInfo      : No LoadTimeWeaver setup: ignoring JPA class transformer
2024-04-20T23:41:14.563+03:00  INFO 13272 --- [           main] o.h.e.t.j.p.i.JtaPlatformInitiator       : HHH000489: No JTA platform available (set 'hibernate.transaction.jta.platform' to enable JTA platform integration)
2024-04-20T23:41:14.570+03:00  INFO 13272 --- [           main] j.LocalContainerEntityManagerFactoryBean : Initialized JPA EntityManagerFactory for persistence unit 'default'
2024-04-20T23:41:14.612+03:00  WARN 13272 --- [           main] JpaBaseConfiguration$JpaWebConfiguration : spring.jpa.open-in-view is enabled by default. Therefore, database queries may be performed during view rendering. Explicitly configure spring.jpa.open-in-view to disable this warning
2024-04-20T23:41:14.693+03:00  INFO 13272 --- [           main] o.s.b.t.m.w.SpringBootMockServletContext : Initializing Spring TestDispatcherServlet ''
2024-04-20T23:41:14.693+03:00  INFO 13272 --- [           main] o.s.t.web.servlet.TestDispatcherServlet  : Initializing Servlet ''
2024-04-20T23:41:14.694+03:00  INFO 13272 --- [           main] o.s.t.web.servlet.TestDispatcherServlet  : Completed initialization in 1 ms
2024-04-20T23:41:14.701+03:00  INFO 13272 --- [           main] c.s.c.ProductControllerIntegrationTests  : Started ProductControllerIntegrationTests in 0.445 seconds (process running for 12.594)
2024-04-20T23:41:14.758+03:00  INFO 13272 --- [           main] j.LocalContainerEntityManagerFactoryBean : Closing JPA EntityManagerFactory for persistence unit 'default'
2024-04-20T23:41:14.759+03:00  INFO 13272 --- [           main] com.zaxxer.hikari.HikariDataSource       : HikariPool-7 - Shutdown initiated...
2024-04-20T23:41:14.769+03:00  INFO 13272 --- [           main] com.zaxxer.hikari.HikariDataSource       : HikariPool-7 - Shutdown completed.
]]></system-out>
  </testcase>
  <testcase name="testThatCreateProductSuccessfullyReturnsHttp201Created" classname="com.sonmez.controllers.ProductControllerIntegrationTests" time="0.028">
    <system-out><![CDATA[
  .   ____          _            __ _ _
 /\\ / ___'_ __ _ _(_)_ __  __ _ \ \ \ \
( ( )\___ | '_ | '_| | '_ \/ _` | \ \ \ \
 \\/  ___)| |_)| | | | | || (_| |  ) ) ) )
  '  |____| .__|_| |_|_| |_\__, | / / / /
 =========|_|==============|___/=/_/_/_/
 :: Spring Boot ::                (v3.2.5)

2024-04-20T23:41:14.792+03:00  INFO 13272 --- [           main] c.s.c.ProductControllerIntegrationTests  : Starting ProductControllerIntegrationTests using Java 21.0.2 with PID 13272 (started by MTopr in D:\Projects\website)
2024-04-20T23:41:14.792+03:00  INFO 13272 --- [           main] c.s.c.ProductControllerIntegrationTests  : No active profile set, falling back to 1 default profile: "default"
2024-04-20T23:41:14.926+03:00  INFO 13272 --- [           main] .s.d.r.c.RepositoryConfigurationDelegate : Bootstrapping Spring Data JPA repositories in DEFAULT mode.
2024-04-20T23:41:14.939+03:00  INFO 13272 --- [           main] .s.d.r.c.RepositoryConfigurationDelegate : Finished Spring Data repository scanning in 12 ms. Found 2 JPA repository interfaces.
2024-04-20T23:41:14.993+03:00  INFO 13272 --- [           main] com.zaxxer.hikari.HikariDataSource       : HikariPool-8 - Starting...
2024-04-20T23:41:14.994+03:00  INFO 13272 --- [           main] com.zaxxer.hikari.pool.HikariPool        : HikariPool-8 - Added connection conn70: url=jdbc:h2:mem:testdb user=SA
2024-04-20T23:41:14.995+03:00  INFO 13272 --- [           main] com.zaxxer.hikari.HikariDataSource       : HikariPool-8 - Start completed.
2024-04-20T23:41:14.996+03:00  INFO 13272 --- [           main] o.hibernate.jpa.internal.util.LogHelper  : HHH000204: Processing PersistenceUnitInfo [name: default]
2024-04-20T23:41:14.998+03:00  INFO 13272 --- [           main] o.h.c.internal.RegionFactoryInitiator    : HHH000026: Second-level cache disabled
2024-04-20T23:41:15.002+03:00  INFO 13272 --- [           main] o.s.o.j.p.SpringPersistenceUnitInfo      : No LoadTimeWeaver setup: ignoring JPA class transformer
2024-04-20T23:41:15.046+03:00  INFO 13272 --- [           main] o.h.e.t.j.p.i.JtaPlatformInitiator       : HHH000489: No JTA platform available (set 'hibernate.transaction.jta.platform' to enable JTA platform integration)
2024-04-20T23:41:15.050+03:00  INFO 13272 --- [           main] j.LocalContainerEntityManagerFactoryBean : Initialized JPA EntityManagerFactory for persistence unit 'default'
2024-04-20T23:41:15.089+03:00  WARN 13272 --- [           main] JpaBaseConfiguration$JpaWebConfiguration : spring.jpa.open-in-view is enabled by default. Therefore, database queries may be performed during view rendering. Explicitly configure spring.jpa.open-in-view to disable this warning
2024-04-20T23:41:15.161+03:00  INFO 13272 --- [           main] o.s.b.t.m.w.SpringBootMockServletContext : Initializing Spring TestDispatcherServlet ''
2024-04-20T23:41:15.161+03:00  INFO 13272 --- [           main] o.s.t.web.servlet.TestDispatcherServlet  : Initializing Servlet ''
2024-04-20T23:41:15.161+03:00  INFO 13272 --- [           main] o.s.t.web.servlet.TestDispatcherServlet  : Completed initialization in 0 ms
2024-04-20T23:41:15.166+03:00  INFO 13272 --- [           main] c.s.c.ProductControllerIntegrationTests  : Started ProductControllerIntegrationTests in 0.394 seconds (process running for 13.059)
2024-04-20T23:41:15.189+03:00  INFO 13272 --- [           main] j.LocalContainerEntityManagerFactoryBean : Closing JPA EntityManagerFactory for persistence unit 'default'
2024-04-20T23:41:15.191+03:00  INFO 13272 --- [           main] com.zaxxer.hikari.HikariDataSource       : HikariPool-8 - Shutdown initiated...
2024-04-20T23:41:15.196+03:00  INFO 13272 --- [           main] com.zaxxer.hikari.HikariDataSource       : HikariPool-8 - Shutdown completed.
]]></system-out>
  </testcase>
  <testcase name="testThatCreatingProductAlsoCreatesProductImages" classname="com.sonmez.controllers.ProductControllerIntegrationTests" time="0.092">
    <system-out><![CDATA[
  .   ____          _            __ _ _
 /\\ / ___'_ __ _ _(_)_ __  __ _ \ \ \ \
( ( )\___ | '_ | '_| | '_ \/ _` | \ \ \ \
 \\/  ___)| |_)| | | | | || (_| |  ) ) ) )
  '  |____| .__|_| |_|_| |_\__, | / / / /
 =========|_|==============|___/=/_/_/_/
 :: Spring Boot ::                (v3.2.5)

2024-04-20T23:41:15.214+03:00  INFO 13272 --- [           main] c.s.c.ProductControllerIntegrationTests  : Starting ProductControllerIntegrationTests using Java 21.0.2 with PID 13272 (started by MTopr in D:\Projects\website)
2024-04-20T23:41:15.214+03:00  INFO 13272 --- [           main] c.s.c.ProductControllerIntegrationTests  : No active profile set, falling back to 1 default profile: "default"
2024-04-20T23:41:15.373+03:00  INFO 13272 --- [           main] .s.d.r.c.RepositoryConfigurationDelegate : Bootstrapping Spring Data JPA repositories in DEFAULT mode.
2024-04-20T23:41:15.387+03:00  INFO 13272 --- [           main] .s.d.r.c.RepositoryConfigurationDelegate : Finished Spring Data repository scanning in 12 ms. Found 2 JPA repository interfaces.
2024-04-20T23:41:15.440+03:00  INFO 13272 --- [           main] com.zaxxer.hikari.HikariDataSource       : HikariPool-9 - Starting...
2024-04-20T23:41:15.441+03:00  INFO 13272 --- [           main] com.zaxxer.hikari.pool.HikariPool        : HikariPool-9 - Added connection conn77: url=jdbc:h2:mem:testdb user=SA
2024-04-20T23:41:15.442+03:00  INFO 13272 --- [           main] com.zaxxer.hikari.HikariDataSource       : HikariPool-9 - Start completed.
2024-04-20T23:41:15.443+03:00  INFO 13272 --- [           main] o.hibernate.jpa.internal.util.LogHelper  : HHH000204: Processing PersistenceUnitInfo [name: default]
2024-04-20T23:41:15.445+03:00  INFO 13272 --- [           main] o.h.c.internal.RegionFactoryInitiator    : HHH000026: Second-level cache disabled
2024-04-20T23:41:15.448+03:00  INFO 13272 --- [           main] o.s.o.j.p.SpringPersistenceUnitInfo      : No LoadTimeWeaver setup: ignoring JPA class transformer
2024-04-20T23:41:15.489+03:00  INFO 13272 --- [           main] o.h.e.t.j.p.i.JtaPlatformInitiator       : HHH000489: No JTA platform available (set 'hibernate.transaction.jta.platform' to enable JTA platform integration)
2024-04-20T23:41:15.493+03:00  INFO 13272 --- [           main] j.LocalContainerEntityManagerFactoryBean : Initialized JPA EntityManagerFactory for persistence unit 'default'
2024-04-20T23:41:15.533+03:00  WARN 13272 --- [           main] JpaBaseConfiguration$JpaWebConfiguration : spring.jpa.open-in-view is enabled by default. Therefore, database queries may be performed during view rendering. Explicitly configure spring.jpa.open-in-view to disable this warning
2024-04-20T23:41:15.605+03:00  INFO 13272 --- [           main] o.s.b.t.m.w.SpringBootMockServletContext : Initializing Spring TestDispatcherServlet ''
2024-04-20T23:41:15.605+03:00  INFO 13272 --- [           main] o.s.t.web.servlet.TestDispatcherServlet  : Initializing Servlet ''
2024-04-20T23:41:15.605+03:00  INFO 13272 --- [           main] o.s.t.web.servlet.TestDispatcherServlet  : Completed initialization in 0 ms
2024-04-20T23:41:15.611+03:00  INFO 13272 --- [           main] c.s.c.ProductControllerIntegrationTests  : Started ProductControllerIntegrationTests in 0.412 seconds (process running for 13.503)
2024-04-20T23:41:15.703+03:00  INFO 13272 --- [           main] j.LocalContainerEntityManagerFactoryBean : Closing JPA EntityManagerFactory for persistence unit 'default'
2024-04-20T23:41:15.705+03:00  INFO 13272 --- [           main] com.zaxxer.hikari.HikariDataSource       : HikariPool-9 - Shutdown initiated...
2024-04-20T23:41:15.706+03:00  INFO 13272 --- [           main] com.zaxxer.hikari.HikariDataSource       : HikariPool-9 - Shutdown completed.
]]></system-out>
  </testcase>
  <testcase name="testThatGetProductReturnsProductImagesWhenProductExists" classname="com.sonmez.controllers.ProductControllerIntegrationTests" time="0.045">
    <system-out><![CDATA[
  .   ____          _            __ _ _
 /\\ / ___'_ __ _ _(_)_ __  __ _ \ \ \ \
( ( )\___ | '_ | '_| | '_ \/ _` | \ \ \ \
 \\/  ___)| |_)| | | | | || (_| |  ) ) ) )
  '  |____| .__|_| |_|_| |_\__, | / / / /
 =========|_|==============|___/=/_/_/_/
 :: Spring Boot ::                (v3.2.5)

2024-04-20T23:41:15.726+03:00  INFO 13272 --- [           main] c.s.c.ProductControllerIntegrationTests  : Starting ProductControllerIntegrationTests using Java 21.0.2 with PID 13272 (started by MTopr in D:\Projects\website)
2024-04-20T23:41:15.726+03:00  INFO 13272 --- [           main] c.s.c.ProductControllerIntegrationTests  : No active profile set, falling back to 1 default profile: "default"
2024-04-20T23:41:15.865+03:00  INFO 13272 --- [           main] .s.d.r.c.RepositoryConfigurationDelegate : Bootstrapping Spring Data JPA repositories in DEFAULT mode.
2024-04-20T23:41:15.878+03:00  INFO 13272 --- [           main] .s.d.r.c.RepositoryConfigurationDelegate : Finished Spring Data repository scanning in 12 ms. Found 2 JPA repository interfaces.
2024-04-20T23:41:15.930+03:00  INFO 13272 --- [           main] com.zaxxer.hikari.HikariDataSource       : HikariPool-10 - Starting...
2024-04-20T23:41:15.931+03:00  INFO 13272 --- [           main] com.zaxxer.hikari.pool.HikariPool        : HikariPool-10 - Added connection conn87: url=jdbc:h2:mem:testdb user=SA
2024-04-20T23:41:15.931+03:00  INFO 13272 --- [           main] com.zaxxer.hikari.HikariDataSource       : HikariPool-10 - Start completed.
2024-04-20T23:41:15.932+03:00  INFO 13272 --- [           main] o.hibernate.jpa.internal.util.LogHelper  : HHH000204: Processing PersistenceUnitInfo [name: default]
2024-04-20T23:41:15.935+03:00  INFO 13272 --- [           main] o.h.c.internal.RegionFactoryInitiator    : HHH000026: Second-level cache disabled
2024-04-20T23:41:15.938+03:00  INFO 13272 --- [           main] o.s.o.j.p.SpringPersistenceUnitInfo      : No LoadTimeWeaver setup: ignoring JPA class transformer
2024-04-20T23:41:15.987+03:00  INFO 13272 --- [           main] o.h.e.t.j.p.i.JtaPlatformInitiator       : HHH000489: No JTA platform available (set 'hibernate.transaction.jta.platform' to enable JTA platform integration)
2024-04-20T23:41:15.990+03:00  INFO 13272 --- [           main] j.LocalContainerEntityManagerFactoryBean : Initialized JPA EntityManagerFactory for persistence unit 'default'
2024-04-20T23:41:16.030+03:00  WARN 13272 --- [           main] JpaBaseConfiguration$JpaWebConfiguration : spring.jpa.open-in-view is enabled by default. Therefore, database queries may be performed during view rendering. Explicitly configure spring.jpa.open-in-view to disable this warning
2024-04-20T23:41:16.098+03:00  INFO 13272 --- [           main] o.s.b.t.m.w.SpringBootMockServletContext : Initializing Spring TestDispatcherServlet ''
2024-04-20T23:41:16.098+03:00  INFO 13272 --- [           main] o.s.t.web.servlet.TestDispatcherServlet  : Initializing Servlet ''
2024-04-20T23:41:16.099+03:00  INFO 13272 --- [           main] o.s.t.web.servlet.TestDispatcherServlet  : Completed initialization in 1 ms
2024-04-20T23:41:16.104+03:00  INFO 13272 --- [           main] c.s.c.ProductControllerIntegrationTests  : Started ProductControllerIntegrationTests in 0.396 seconds (process running for 13.997)
2024-04-20T23:41:16.143+03:00  INFO 13272 --- [           main] j.LocalContainerEntityManagerFactoryBean : Closing JPA EntityManagerFactory for persistence unit 'default'
2024-04-20T23:41:16.144+03:00  INFO 13272 --- [           main] com.zaxxer.hikari.HikariDataSource       : HikariPool-10 - Shutdown initiated...
2024-04-20T23:41:16.151+03:00  INFO 13272 --- [           main] com.zaxxer.hikari.HikariDataSource       : HikariPool-10 - Shutdown completed.
]]></system-out>
  </testcase>
  <testcase name="testThatProductReturnsHttpStatus404WhenProductNotExist" classname="com.sonmez.controllers.ProductControllerIntegrationTests" time="0.028">
    <system-out><![CDATA[
  .   ____          _            __ _ _
 /\\ / ___'_ __ _ _(_)_ __  __ _ \ \ \ \
( ( )\___ | '_ | '_| | '_ \/ _` | \ \ \ \
 \\/  ___)| |_)| | | | | || (_| |  ) ) ) )
  '  |____| .__|_| |_|_| |_\__, | / / / /
 =========|_|==============|___/=/_/_/_/
 :: Spring Boot ::                (v3.2.5)

2024-04-20T23:41:16.170+03:00  INFO 13272 --- [           main] c.s.c.ProductControllerIntegrationTests  : Starting ProductControllerIntegrationTests using Java 21.0.2 with PID 13272 (started by MTopr in D:\Projects\website)
2024-04-20T23:41:16.170+03:00  INFO 13272 --- [           main] c.s.c.ProductControllerIntegrationTests  : No active profile set, falling back to 1 default profile: "default"
2024-04-20T23:41:16.300+03:00  INFO 13272 --- [           main] .s.d.r.c.RepositoryConfigurationDelegate : Bootstrapping Spring Data JPA repositories in DEFAULT mode.
2024-04-20T23:41:16.313+03:00  INFO 13272 --- [           main] .s.d.r.c.RepositoryConfigurationDelegate : Finished Spring Data repository scanning in 12 ms. Found 2 JPA repository interfaces.
2024-04-20T23:41:16.369+03:00  INFO 13272 --- [           main] com.zaxxer.hikari.HikariDataSource       : HikariPool-11 - Starting...
2024-04-20T23:41:16.370+03:00  INFO 13272 --- [           main] com.zaxxer.hikari.pool.HikariPool        : HikariPool-11 - Added connection conn95: url=jdbc:h2:mem:testdb user=SA
2024-04-20T23:41:16.370+03:00  INFO 13272 --- [           main] com.zaxxer.hikari.HikariDataSource       : HikariPool-11 - Start completed.
2024-04-20T23:41:16.371+03:00  INFO 13272 --- [           main] o.hibernate.jpa.internal.util.LogHelper  : HHH000204: Processing PersistenceUnitInfo [name: default]
2024-04-20T23:41:16.374+03:00  INFO 13272 --- [           main] o.h.c.internal.RegionFactoryInitiator    : HHH000026: Second-level cache disabled
2024-04-20T23:41:16.377+03:00  INFO 13272 --- [           main] o.s.o.j.p.SpringPersistenceUnitInfo      : No LoadTimeWeaver setup: ignoring JPA class transformer
2024-04-20T23:41:16.427+03:00  INFO 13272 --- [           main] o.h.e.t.j.p.i.JtaPlatformInitiator       : HHH000489: No JTA platform available (set 'hibernate.transaction.jta.platform' to enable JTA platform integration)
2024-04-20T23:41:16.431+03:00  INFO 13272 --- [           main] j.LocalContainerEntityManagerFactoryBean : Initialized JPA EntityManagerFactory for persistence unit 'default'
2024-04-20T23:41:16.476+03:00  WARN 13272 --- [           main] JpaBaseConfiguration$JpaWebConfiguration : spring.jpa.open-in-view is enabled by default. Therefore, database queries may be performed during view rendering. Explicitly configure spring.jpa.open-in-view to disable this warning
2024-04-20T23:41:16.553+03:00  INFO 13272 --- [           main] o.s.b.t.m.w.SpringBootMockServletContext : Initializing Spring TestDispatcherServlet ''
2024-04-20T23:41:16.553+03:00  INFO 13272 --- [           main] o.s.t.web.servlet.TestDispatcherServlet  : Initializing Servlet ''
2024-04-20T23:41:16.554+03:00  INFO 13272 --- [           main] o.s.t.web.servlet.TestDispatcherServlet  : Completed initialization in 1 ms
2024-04-20T23:41:16.558+03:00  INFO 13272 --- [           main] c.s.c.ProductControllerIntegrationTests  : Started ProductControllerIntegrationTests in 0.404 seconds (process running for 14.451)
2024-04-20T23:41:16.572+03:00  INFO 13272 --- [           main] j.LocalContainerEntityManagerFactoryBean : Closing JPA EntityManagerFactory for persistence unit 'default'
2024-04-20T23:41:16.573+03:00  INFO 13272 --- [           main] com.zaxxer.hikari.HikariDataSource       : HikariPool-11 - Shutdown initiated...
2024-04-20T23:41:16.588+03:00  INFO 13272 --- [           main] com.zaxxer.hikari.HikariDataSource       : HikariPool-11 - Shutdown completed.
]]></system-out>
  </testcase>
  <testcase name="testThatListProductsReturnHttpStatus200" classname="com.sonmez.controllers.ProductControllerIntegrationTests" time="0.021">
    <system-out><![CDATA[
  .   ____          _            __ _ _
 /\\ / ___'_ __ _ _(_)_ __  __ _ \ \ \ \
( ( )\___ | '_ | '_| | '_ \/ _` | \ \ \ \
 \\/  ___)| |_)| | | | | || (_| |  ) ) ) )
  '  |____| .__|_| |_|_| |_\__, | / / / /
 =========|_|==============|___/=/_/_/_/
 :: Spring Boot ::                (v3.2.5)

2024-04-20T23:41:16.608+03:00  INFO 13272 --- [           main] c.s.c.ProductControllerIntegrationTests  : Starting ProductControllerIntegrationTests using Java 21.0.2 with PID 13272 (started by MTopr in D:\Projects\website)
2024-04-20T23:41:16.608+03:00  INFO 13272 --- [           main] c.s.c.ProductControllerIntegrationTests  : No active profile set, falling back to 1 default profile: "default"
2024-04-20T23:41:16.749+03:00  INFO 13272 --- [           main] .s.d.r.c.RepositoryConfigurationDelegate : Bootstrapping Spring Data JPA repositories in DEFAULT mode.
2024-04-20T23:41:16.762+03:00  INFO 13272 --- [           main] .s.d.r.c.RepositoryConfigurationDelegate : Finished Spring Data repository scanning in 13 ms. Found 2 JPA repository interfaces.
2024-04-20T23:41:16.812+03:00  INFO 13272 --- [           main] com.zaxxer.hikari.HikariDataSource       : HikariPool-12 - Starting...
2024-04-20T23:41:16.813+03:00  INFO 13272 --- [           main] com.zaxxer.hikari.pool.HikariPool        : HikariPool-12 - Added connection conn103: url=jdbc:h2:mem:testdb user=SA
2024-04-20T23:41:16.814+03:00  INFO 13272 --- [           main] com.zaxxer.hikari.HikariDataSource       : HikariPool-12 - Start completed.
2024-04-20T23:41:16.815+03:00  INFO 13272 --- [           main] o.hibernate.jpa.internal.util.LogHelper  : HHH000204: Processing PersistenceUnitInfo [name: default]
2024-04-20T23:41:16.817+03:00  INFO 13272 --- [           main] o.h.c.internal.RegionFactoryInitiator    : HHH000026: Second-level cache disabled
2024-04-20T23:41:16.821+03:00  INFO 13272 --- [           main] o.s.o.j.p.SpringPersistenceUnitInfo      : No LoadTimeWeaver setup: ignoring JPA class transformer
2024-04-20T23:41:16.862+03:00  INFO 13272 --- [           main] o.h.e.t.j.p.i.JtaPlatformInitiator       : HHH000489: No JTA platform available (set 'hibernate.transaction.jta.platform' to enable JTA platform integration)
2024-04-20T23:41:16.867+03:00  INFO 13272 --- [           main] j.LocalContainerEntityManagerFactoryBean : Initialized JPA EntityManagerFactory for persistence unit 'default'
2024-04-20T23:41:16.912+03:00  WARN 13272 --- [           main] JpaBaseConfiguration$JpaWebConfiguration : spring.jpa.open-in-view is enabled by default. Therefore, database queries may be performed during view rendering. Explicitly configure spring.jpa.open-in-view to disable this warning
2024-04-20T23:41:16.982+03:00  INFO 13272 --- [           main] o.s.b.t.m.w.SpringBootMockServletContext : Initializing Spring TestDispatcherServlet ''
2024-04-20T23:41:16.982+03:00  INFO 13272 --- [           main] o.s.t.web.servlet.TestDispatcherServlet  : Initializing Servlet ''
2024-04-20T23:41:16.983+03:00  INFO 13272 --- [           main] o.s.t.web.servlet.TestDispatcherServlet  : Completed initialization in 1 ms
2024-04-20T23:41:16.988+03:00  INFO 13272 --- [           main] c.s.c.ProductControllerIntegrationTests  : Started ProductControllerIntegrationTests in 0.397 seconds (process running for 14.881)
2024-04-20T23:41:17.003+03:00  INFO 13272 --- [           main] j.LocalContainerEntityManagerFactoryBean : Closing JPA EntityManagerFactory for persistence unit 'default'
2024-04-20T23:41:17.004+03:00  INFO 13272 --- [           main] com.zaxxer.hikari.HikariDataSource       : HikariPool-12 - Shutdown initiated...
2024-04-20T23:41:17.011+03:00  INFO 13272 --- [           main] com.zaxxer.hikari.HikariDataSource       : HikariPool-12 - Shutdown completed.
]]></system-out>
  </testcase>
  <testcase name="testThatGetProductReturnsProductWhenProductExistsWithoutImages" classname="com.sonmez.controllers.ProductControllerIntegrationTests" time="0.028">
    <system-out><![CDATA[
  .   ____          _            __ _ _
 /\\ / ___'_ __ _ _(_)_ __  __ _ \ \ \ \
( ( )\___ | '_ | '_| | '_ \/ _` | \ \ \ \
 \\/  ___)| |_)| | | | | || (_| |  ) ) ) )
  '  |____| .__|_| |_|_| |_\__, | / / / /
 =========|_|==============|___/=/_/_/_/
 :: Spring Boot ::                (v3.2.5)

2024-04-20T23:41:17.029+03:00  INFO 13272 --- [           main] c.s.c.ProductControllerIntegrationTests  : Starting ProductControllerIntegrationTests using Java 21.0.2 with PID 13272 (started by MTopr in D:\Projects\website)
2024-04-20T23:41:17.029+03:00  INFO 13272 --- [           main] c.s.c.ProductControllerIntegrationTests  : No active profile set, falling back to 1 default profile: "default"
2024-04-20T23:41:17.152+03:00  INFO 13272 --- [           main] .s.d.r.c.RepositoryConfigurationDelegate : Bootstrapping Spring Data JPA repositories in DEFAULT mode.
2024-04-20T23:41:17.164+03:00  INFO 13272 --- [           main] .s.d.r.c.RepositoryConfigurationDelegate : Finished Spring Data repository scanning in 12 ms. Found 2 JPA repository interfaces.
2024-04-20T23:41:17.212+03:00  INFO 13272 --- [           main] com.zaxxer.hikari.HikariDataSource       : HikariPool-13 - Starting...
2024-04-20T23:41:17.214+03:00  INFO 13272 --- [           main] com.zaxxer.hikari.pool.HikariPool        : HikariPool-13 - Added connection conn110: url=jdbc:h2:mem:testdb user=SA
2024-04-20T23:41:17.214+03:00  INFO 13272 --- [           main] com.zaxxer.hikari.HikariDataSource       : HikariPool-13 - Start completed.
2024-04-20T23:41:17.216+03:00  INFO 13272 --- [           main] o.hibernate.jpa.internal.util.LogHelper  : HHH000204: Processing PersistenceUnitInfo [name: default]
2024-04-20T23:41:17.218+03:00  INFO 13272 --- [           main] o.h.c.internal.RegionFactoryInitiator    : HHH000026: Second-level cache disabled
2024-04-20T23:41:17.221+03:00  INFO 13272 --- [           main] o.s.o.j.p.SpringPersistenceUnitInfo      : No LoadTimeWeaver setup: ignoring JPA class transformer
2024-04-20T23:41:17.258+03:00  INFO 13272 --- [           main] o.h.e.t.j.p.i.JtaPlatformInitiator       : HHH000489: No JTA platform available (set 'hibernate.transaction.jta.platform' to enable JTA platform integration)
2024-04-20T23:41:17.262+03:00  INFO 13272 --- [           main] j.LocalContainerEntityManagerFactoryBean : Initialized JPA EntityManagerFactory for persistence unit 'default'
2024-04-20T23:41:17.304+03:00  WARN 13272 --- [           main] JpaBaseConfiguration$JpaWebConfiguration : spring.jpa.open-in-view is enabled by default. Therefore, database queries may be performed during view rendering. Explicitly configure spring.jpa.open-in-view to disable this warning
2024-04-20T23:41:17.383+03:00  INFO 13272 --- [           main] o.s.b.t.m.w.SpringBootMockServletContext : Initializing Spring TestDispatcherServlet ''
2024-04-20T23:41:17.383+03:00  INFO 13272 --- [           main] o.s.t.web.servlet.TestDispatcherServlet  : Initializing Servlet ''
2024-04-20T23:41:17.384+03:00  INFO 13272 --- [           main] o.s.t.web.servlet.TestDispatcherServlet  : Completed initialization in 1 ms
2024-04-20T23:41:17.390+03:00  INFO 13272 --- [           main] c.s.c.ProductControllerIntegrationTests  : Started ProductControllerIntegrationTests in 0.376 seconds (process running for 15.282)
2024-04-20T23:41:17.415+03:00  INFO 13272 --- [           main] j.LocalContainerEntityManagerFactoryBean : Closing JPA EntityManagerFactory for persistence unit 'default'
2024-04-20T23:41:17.416+03:00  INFO 13272 --- [           main] com.zaxxer.hikari.HikariDataSource       : HikariPool-13 - Shutdown initiated...
2024-04-20T23:41:17.420+03:00  INFO 13272 --- [           main] com.zaxxer.hikari.HikariDataSource       : HikariPool-13 - Shutdown completed.
]]></system-out>
  </testcase>
</testsuite>