<?xml version="1.0" encoding="UTF-8"?>
<testsuite xmlns:xsi="http://www.w3.org/2001/XMLSchema-instance" xsi:noNamespaceSchemaLocation="https://maven.apache.org/surefire/maven-surefire-plugin/xsd/surefire-test-report-3.0.xsd" version="3.0" name="com.ecommerce.website.ApplicationTests" time="8.547" tests="1" errors="0" skipped="0" failures="0">
  <properties>
[...]
</properties>
  <testcase name="contextLoads" classname="com.ecommerce.website.ApplicationTests" time="0.581">
    <system-out><![CDATA[02:47:46.080 [main] INFO org.springframework.test.context.support.AnnotationConfigContextLoaderUtils -- Could not detect default configuration classes for test class [com.ecommerce.website.ApplicationTests]: ApplicationTests does not declare any static, non-private, non-final, nested classes annotated with @Configuration.
02:47:46.247 [main] INFO org.springframework.boot.test.context.SpringBootTestContextBootstrapper -- Found @SpringBootConfiguration com.ecommerce.website.Application for test class com.ecommerce.website.ApplicationTests

  .   ____          _            __ _ _
 /\\ / ___'_ __ _ _(_)_ __  __ _ \ \ \ \
( ( )\___ | '_ | '_| | '_ \/ _` | \ \ \ \
 \\/  ___)| |_)| | | | | || (_| |  ) ) ) )
  '  |____| .__|_| |_|_| |_\__, | / / / /
 =========|_|==============|___/=/_/_/_/
 :: Spring Boot ::                (v3.2.5)

2024-04-28T02:47:46.874+03:00  INFO 10468 --- [           main] com.ecommerce.website.ApplicationTests   : Starting ApplicationTests using Java 21.0.2 with PID 10468 (started by MTopr in D:\Projects\ECommerce-Backend)
2024-04-28T02:47:46.877+03:00  INFO 10468 --- [           main] com.ecommerce.website.ApplicationTests   : No active profile set, falling back to 1 default profile: "default"
2024-04-28T02:47:48.003+03:00  INFO 10468 --- [           main] .s.d.r.c.RepositoryConfigurationDelegate : Bootstrapping Spring Data JPA repositories in DEFAULT mode.
2024-04-28T02:47:48.165+03:00  INFO 10468 --- [           main] .s.d.r.c.RepositoryConfigurationDelegate : Finished Spring Data repository scanning in 138 ms. Found 4 JPA repository interfaces.
2024-04-28T02:47:48.972+03:00  INFO 10468 --- [           main] com.zaxxer.hikari.HikariDataSource       : HikariPool-1 - Starting...
2024-04-28T02:47:49.236+03:00  INFO 10468 --- [           main] com.zaxxer.hikari.pool.HikariPool        : HikariPool-1 - Added connection conn0: url=jdbc:h2:mem:testdb user=SA
2024-04-28T02:47:49.238+03:00  INFO 10468 --- [           main] com.zaxxer.hikari.HikariDataSource       : HikariPool-1 - Start completed.
2024-04-28T02:47:49.308+03:00  INFO 10468 --- [           main] o.hibernate.jpa.internal.util.LogHelper  : HHH000204: Processing PersistenceUnitInfo [name: default]
2024-04-28T02:47:49.400+03:00  INFO 10468 --- [           main] org.hibernate.Version                    : HHH000412: Hibernate ORM core version 6.4.4.Final
2024-04-28T02:47:49.452+03:00  INFO 10468 --- [           main] o.h.c.internal.RegionFactoryInitiator    : HHH000026: Second-level cache disabled
2024-04-28T02:47:49.823+03:00  INFO 10468 --- [           main] o.s.o.j.p.SpringPersistenceUnitInfo      : No LoadTimeWeaver setup: ignoring JPA class transformer
2024-04-28T02:47:51.206+03:00  INFO 10468 --- [           main] o.h.e.t.j.p.i.JtaPlatformInitiator       : HHH000489: No JTA platform available (set 'hibernate.transaction.jta.platform' to enable JTA platform integration)
2024-04-28T02:47:51.277+03:00  INFO 10468 --- [           main] j.LocalContainerEntityManagerFactoryBean : Initialized JPA EntityManagerFactory for persistence unit 'default'
2024-04-28T02:47:52.390+03:00  WARN 10468 --- [           main] JpaBaseConfiguration$JpaWebConfiguration : spring.jpa.open-in-view is enabled by default. Therefore, database queries may be performed during view rendering. Explicitly configure spring.jpa.open-in-view to disable this warning
2024-04-28T02:47:52.878+03:00  INFO 10468 --- [           main] o.s.s.web.DefaultSecurityFilterChain     : Will secure any request with [org.springframework.security.web.session.DisableEncodeUrlFilter@2e1003d9, org.springframework.security.web.context.request.async.WebAsyncManagerIntegrationFilter@4e9d1119, org.springframework.security.web.context.SecurityContextHolderFilter@f4aec23, org.springframework.security.web.header.HeaderWriterFilter@60c68c7b, org.springframework.web.filter.CorsFilter@5d1907fb, org.springframework.security.web.authentication.logout.LogoutFilter@72e5206, com.ecommerce.website.security.jwt.AuthTokenFilter@3ae91bcc, org.springframework.security.web.savedrequest.RequestCacheAwareFilter@7680beac, org.springframework.security.web.servletapi.SecurityContextHolderAwareRequestFilter@7053a864, org.springframework.security.web.authentication.AnonymousAuthenticationFilter@6079d219, org.springframework.security.web.session.SessionManagementFilter@5fc42998, org.springframework.security.web.access.ExceptionTranslationFilter@119f035f, org.springframework.security.web.access.intercept.AuthorizationFilter@313a3af8]
2024-04-28T02:47:53.724+03:00  INFO 10468 --- [           main] com.ecommerce.website.ApplicationTests   : Started ApplicationTests in 7.267 seconds (process running for 8.812)
]]></system-out>
    <system-err><![CDATA[WARNING: A Java agent has been loaded dynamically (C:\Users\MTopr\.m2\repository\net\bytebuddy\byte-buddy-agent\1.14.13\byte-buddy-agent-1.14.13.jar)
WARNING: If a serviceability tool is in use, please run with -XX:+EnableDynamicAgentLoading to hide this warning
WARNING: If a serviceability tool is not in use, please run with -Djdk.instrument.traceUsage for more information
WARNING: Dynamic loading of agents will be disallowed by default in a future release
]]></system-err>
  </testcase>
</testsuite>