<?xml version="1.0" encoding="UTF-8"?>
<testsuite xmlns:xsi="http://www.w3.org/2001/XMLSchema-instance" xsi:noNamespaceSchemaLocation="https://maven.apache.org/surefire/maven-surefire-plugin/xsd/surefire-test-report-3.0.xsd" version="3.0" name="com.ecommerce.website.controllers.UserControllerIntegrationTests" time="8.392" tests="7" errors="0" skipped="0" failures="0">
  <properties>
[...]
</properties>
  <testcase name="loginTest" classname="com.ecommerce.website.controllers.UserControllerIntegrationTests" time="0.399">
    <system-out><![CDATA[2024-04-28T02:48:01.757+03:00  INFO 10468 --- [           main] t.c.s.AnnotationConfigContextLoaderUtils : Could not detect default configuration classes for test class [com.ecommerce.website.controllers.UserControllerIntegrationTests]: UserControllerIntegrationTests does not declare any static, non-private, non-final, nested classes annotated with @Configuration.
2024-04-28T02:48:01.761+03:00  INFO 10468 --- [           main] .b.t.c.SpringBootTestContextBootstrapper : Found @SpringBootConfiguration com.ecommerce.website.Application for test class com.ecommerce.website.controllers.UserControllerIntegrationTests

  .   ____          _            __ _ _
 /\\ / ___'_ __ _ _(_)_ __  __ _ \ \ \ \
( ( )\___ | '_ | '_| | '_ \/ _` | \ \ \ \
 \\/  ___)| |_)| | | | | || (_| |  ) ) ) )
  '  |____| .__|_| |_|_| |_\__, | / / / /
 =========|_|==============|___/=/_/_/_/
 :: Spring Boot ::                (v3.2.5)

2024-04-28T02:48:01.796+03:00  INFO 10468 --- [           main] c.e.w.c.UserControllerIntegrationTests   : Starting UserControllerIntegrationTests using Java 21.0.2 with PID 10468 (started by MTopr in D:\Projects\ECommerce-Backend)
2024-04-28T02:48:01.797+03:00  INFO 10468 --- [           main] c.e.w.c.UserControllerIntegrationTests   : No active profile set, falling back to 1 default profile: "default"
2024-04-28T02:48:02.016+03:00  INFO 10468 --- [           main] .s.d.r.c.RepositoryConfigurationDelegate : Bootstrapping Spring Data JPA repositories in DEFAULT mode.
2024-04-28T02:48:02.047+03:00  INFO 10468 --- [           main] .s.d.r.c.RepositoryConfigurationDelegate : Finished Spring Data repository scanning in 30 ms. Found 4 JPA repository interfaces.
2024-04-28T02:48:02.111+03:00  INFO 10468 --- [           main] com.zaxxer.hikari.HikariDataSource       : HikariPool-7 - Starting...
2024-04-28T02:48:02.112+03:00  INFO 10468 --- [           main] com.zaxxer.hikari.pool.HikariPool        : HikariPool-7 - Added connection conn60: url=jdbc:h2:mem:testdb user=SA
2024-04-28T02:48:02.113+03:00  INFO 10468 --- [           main] com.zaxxer.hikari.HikariDataSource       : HikariPool-7 - Start completed.
2024-04-28T02:48:02.114+03:00  INFO 10468 --- [           main] o.hibernate.jpa.internal.util.LogHelper  : HHH000204: Processing PersistenceUnitInfo [name: default]
2024-04-28T02:48:02.116+03:00  INFO 10468 --- [           main] o.h.c.internal.RegionFactoryInitiator    : HHH000026: Second-level cache disabled
2024-04-28T02:48:02.120+03:00  INFO 10468 --- [           main] o.s.o.j.p.SpringPersistenceUnitInfo      : No LoadTimeWeaver setup: ignoring JPA class transformer
2024-04-28T02:48:02.223+03:00  INFO 10468 --- [           main] o.h.e.t.j.p.i.JtaPlatformInitiator       : HHH000489: No JTA platform available (set 'hibernate.transaction.jta.platform' to enable JTA platform integration)
2024-04-28T02:48:02.237+03:00  INFO 10468 --- [           main] j.LocalContainerEntityManagerFactoryBean : Initialized JPA EntityManagerFactory for persistence unit 'default'
2024-04-28T02:48:02.322+03:00  WARN 10468 --- [           main] JpaBaseConfiguration$JpaWebConfiguration : spring.jpa.open-in-view is enabled by default. Therefore, database queries may be performed during view rendering. Explicitly configure spring.jpa.open-in-view to disable this warning
2024-04-28T02:48:02.391+03:00  INFO 10468 --- [           main] o.s.s.web.DefaultSecurityFilterChain     : Will secure any request with [org.springframework.security.web.session.DisableEncodeUrlFilter@4478bb7e, org.springframework.security.web.context.request.async.WebAsyncManagerIntegrationFilter@58bb8b59, org.springframework.security.web.context.SecurityContextHolderFilter@5a930517, org.springframework.security.web.header.HeaderWriterFilter@5f87e067, org.springframework.web.filter.CorsFilter@5a6a293d, org.springframework.security.web.authentication.logout.LogoutFilter@10218fdf, com.ecommerce.website.security.jwt.AuthTokenFilter@f329350, org.springframework.security.web.savedrequest.RequestCacheAwareFilter@4dfc46b4, org.springframework.security.web.servletapi.SecurityContextHolderAwareRequestFilter@2d9803b4, org.springframework.security.web.authentication.AnonymousAuthenticationFilter@74f035a5, org.springframework.security.web.session.SessionManagementFilter@6af2203, org.springframework.security.web.access.ExceptionTranslationFilter@423ab841, org.springframework.security.web.access.intercept.AuthorizationFilter@52af8366]
2024-04-28T02:48:02.508+03:00  INFO 10468 --- [           main] o.s.b.t.m.w.SpringBootMockServletContext : Initializing Spring TestDispatcherServlet ''
2024-04-28T02:48:02.508+03:00  INFO 10468 --- [           main] o.s.t.web.servlet.TestDispatcherServlet  : Initializing Servlet ''
2024-04-28T02:48:02.509+03:00  INFO 10468 --- [           main] o.s.t.web.servlet.TestDispatcherServlet  : Completed initialization in 1 ms
2024-04-28T02:48:02.607+03:00  INFO 10468 --- [           main] c.e.w.c.UserControllerIntegrationTests   : Started UserControllerIntegrationTests in 0.841 seconds (process running for 17.695)
2024-04-28T02:48:03.005+03:00  INFO 10468 --- [           main] j.LocalContainerEntityManagerFactoryBean : Closing JPA EntityManagerFactory for persistence unit 'default'
2024-04-28T02:48:03.007+03:00  INFO 10468 --- [           main] com.zaxxer.hikari.HikariDataSource       : HikariPool-7 - Shutdown initiated...
2024-04-28T02:48:03.008+03:00  INFO 10468 --- [           main] com.zaxxer.hikari.HikariDataSource       : HikariPool-7 - Shutdown completed.
]]></system-out>
  </testcase>
  <testcase name="registerTest" classname="com.ecommerce.website.controllers.UserControllerIntegrationTests" time="0.122">
    <system-out><![CDATA[
  .   ____          _            __ _ _
 /\\ / ___'_ __ _ _(_)_ __  __ _ \ \ \ \
( ( )\___ | '_ | '_| | '_ \/ _` | \ \ \ \
 \\/  ___)| |_)| | | | | || (_| |  ) ) ) )
  '  |____| .__|_| |_|_| |_\__, | / / / /
 =========|_|==============|___/=/_/_/_/
 :: Spring Boot ::                (v3.2.5)

2024-04-28T02:48:03.026+03:00  INFO 10468 --- [           main] c.e.w.c.UserControllerIntegrationTests   : Starting UserControllerIntegrationTests using Java 21.0.2 with PID 10468 (started by MTopr in D:\Projects\ECommerce-Backend)
2024-04-28T02:48:03.026+03:00  INFO 10468 --- [           main] c.e.w.c.UserControllerIntegrationTests   : No active profile set, falling back to 1 default profile: "default"
2024-04-28T02:48:03.212+03:00  INFO 10468 --- [           main] .s.d.r.c.RepositoryConfigurationDelegate : Bootstrapping Spring Data JPA repositories in DEFAULT mode.
2024-04-28T02:48:03.241+03:00  INFO 10468 --- [           main] .s.d.r.c.RepositoryConfigurationDelegate : Finished Spring Data repository scanning in 28 ms. Found 4 JPA repository interfaces.
2024-04-28T02:48:03.309+03:00  INFO 10468 --- [           main] com.zaxxer.hikari.HikariDataSource       : HikariPool-8 - Starting...
2024-04-28T02:48:03.310+03:00  INFO 10468 --- [           main] com.zaxxer.hikari.pool.HikariPool        : HikariPool-8 - Added connection conn70: url=jdbc:h2:mem:testdb user=SA
2024-04-28T02:48:03.310+03:00  INFO 10468 --- [           main] com.zaxxer.hikari.HikariDataSource       : HikariPool-8 - Start completed.
2024-04-28T02:48:03.311+03:00  INFO 10468 --- [           main] o.hibernate.jpa.internal.util.LogHelper  : HHH000204: Processing PersistenceUnitInfo [name: default]
2024-04-28T02:48:03.313+03:00  INFO 10468 --- [           main] o.h.c.internal.RegionFactoryInitiator    : HHH000026: Second-level cache disabled
2024-04-28T02:48:03.318+03:00  INFO 10468 --- [           main] o.s.o.j.p.SpringPersistenceUnitInfo      : No LoadTimeWeaver setup: ignoring JPA class transformer
2024-04-28T02:48:03.437+03:00  INFO 10468 --- [           main] o.h.e.t.j.p.i.JtaPlatformInitiator       : HHH000489: No JTA platform available (set 'hibernate.transaction.jta.platform' to enable JTA platform integration)
2024-04-28T02:48:03.449+03:00  INFO 10468 --- [           main] j.LocalContainerEntityManagerFactoryBean : Initialized JPA EntityManagerFactory for persistence unit 'default'
2024-04-28T02:48:03.529+03:00  WARN 10468 --- [           main] JpaBaseConfiguration$JpaWebConfiguration : spring.jpa.open-in-view is enabled by default. Therefore, database queries may be performed during view rendering. Explicitly configure spring.jpa.open-in-view to disable this warning
2024-04-28T02:48:03.598+03:00  INFO 10468 --- [           main] o.s.s.web.DefaultSecurityFilterChain     : Will secure any request with [org.springframework.security.web.session.DisableEncodeUrlFilter@5a7e245e, org.springframework.security.web.context.request.async.WebAsyncManagerIntegrationFilter@4c8bbc5e, org.springframework.security.web.context.SecurityContextHolderFilter@54f10c5c, org.springframework.security.web.header.HeaderWriterFilter@797bcf4, org.springframework.web.filter.CorsFilter@3e53a659, org.springframework.security.web.authentication.logout.LogoutFilter@2a2883f, com.ecommerce.website.security.jwt.AuthTokenFilter@249ef826, org.springframework.security.web.savedrequest.RequestCacheAwareFilter@26fd9642, org.springframework.security.web.servletapi.SecurityContextHolderAwareRequestFilter@1cb7fe75, org.springframework.security.web.authentication.AnonymousAuthenticationFilter@57ae2f11, org.springframework.security.web.session.SessionManagementFilter@48515938, org.springframework.security.web.access.ExceptionTranslationFilter@3e898efe, org.springframework.security.web.access.intercept.AuthorizationFilter@6bc04a88]
2024-04-28T02:48:03.711+03:00  INFO 10468 --- [           main] o.s.b.t.m.w.SpringBootMockServletContext : Initializing Spring TestDispatcherServlet ''
2024-04-28T02:48:03.712+03:00  INFO 10468 --- [           main] o.s.t.web.servlet.TestDispatcherServlet  : Initializing Servlet ''
2024-04-28T02:48:03.713+03:00  INFO 10468 --- [           main] o.s.t.web.servlet.TestDispatcherServlet  : Completed initialization in 1 ms
2024-04-28T02:48:03.811+03:00  INFO 10468 --- [           main] c.e.w.c.UserControllerIntegrationTests   : Started UserControllerIntegrationTests in 0.801 seconds (process running for 18.899)
2024-04-28T02:48:03.931+03:00  INFO 10468 --- [           main] j.LocalContainerEntityManagerFactoryBean : Closing JPA EntityManagerFactory for persistence unit 'default'
2024-04-28T02:48:03.934+03:00  INFO 10468 --- [           main] com.zaxxer.hikari.HikariDataSource       : HikariPool-8 - Shutdown initiated...
2024-04-28T02:48:03.935+03:00  INFO 10468 --- [           main] com.zaxxer.hikari.HikariDataSource       : HikariPool-8 - Shutdown completed.
]]></system-out>
  </testcase>
  <testcase name="listUsers" classname="com.ecommerce.website.controllers.UserControllerIntegrationTests" time="0.88">
    <system-out><![CDATA[
  .   ____          _            __ _ _
 /\\ / ___'_ __ _ _(_)_ __  __ _ \ \ \ \
( ( )\___ | '_ | '_| | '_ \/ _` | \ \ \ \
 \\/  ___)| |_)| | | | | || (_| |  ) ) ) )
  '  |____| .__|_| |_|_| |_\__, | / / / /
 =========|_|==============|___/=/_/_/_/
 :: Spring Boot ::                (v3.2.5)

2024-04-28T02:48:03.954+03:00  INFO 10468 --- [           main] c.e.w.c.UserControllerIntegrationTests   : Starting UserControllerIntegrationTests using Java 21.0.2 with PID 10468 (started by MTopr in D:\Projects\ECommerce-Backend)
2024-04-28T02:48:03.954+03:00  INFO 10468 --- [           main] c.e.w.c.UserControllerIntegrationTests   : No active profile set, falling back to 1 default profile: "default"
2024-04-28T02:48:04.136+03:00  INFO 10468 --- [           main] .s.d.r.c.RepositoryConfigurationDelegate : Bootstrapping Spring Data JPA repositories in DEFAULT mode.
2024-04-28T02:48:04.160+03:00  INFO 10468 --- [           main] .s.d.r.c.RepositoryConfigurationDelegate : Finished Spring Data repository scanning in 23 ms. Found 4 JPA repository interfaces.
2024-04-28T02:48:04.222+03:00  INFO 10468 --- [           main] com.zaxxer.hikari.HikariDataSource       : HikariPool-9 - Starting...
2024-04-28T02:48:04.223+03:00  INFO 10468 --- [           main] com.zaxxer.hikari.pool.HikariPool        : HikariPool-9 - Added connection conn80: url=jdbc:h2:mem:testdb user=SA
2024-04-28T02:48:04.224+03:00  INFO 10468 --- [           main] com.zaxxer.hikari.HikariDataSource       : HikariPool-9 - Start completed.
2024-04-28T02:48:04.225+03:00  INFO 10468 --- [           main] o.hibernate.jpa.internal.util.LogHelper  : HHH000204: Processing PersistenceUnitInfo [name: default]
2024-04-28T02:48:04.227+03:00  INFO 10468 --- [           main] o.h.c.internal.RegionFactoryInitiator    : HHH000026: Second-level cache disabled
2024-04-28T02:48:04.231+03:00  INFO 10468 --- [           main] o.s.o.j.p.SpringPersistenceUnitInfo      : No LoadTimeWeaver setup: ignoring JPA class transformer
2024-04-28T02:48:04.317+03:00  INFO 10468 --- [           main] o.h.e.t.j.p.i.JtaPlatformInitiator       : HHH000489: No JTA platform available (set 'hibernate.transaction.jta.platform' to enable JTA platform integration)
2024-04-28T02:48:04.327+03:00  INFO 10468 --- [           main] j.LocalContainerEntityManagerFactoryBean : Initialized JPA EntityManagerFactory for persistence unit 'default'
2024-04-28T02:48:04.404+03:00  WARN 10468 --- [           main] JpaBaseConfiguration$JpaWebConfiguration : spring.jpa.open-in-view is enabled by default. Therefore, database queries may be performed during view rendering. Explicitly configure spring.jpa.open-in-view to disable this warning
2024-04-28T02:48:04.481+03:00  INFO 10468 --- [           main] o.s.s.web.DefaultSecurityFilterChain     : Will secure any request with [org.springframework.security.web.session.DisableEncodeUrlFilter@c13ee03, org.springframework.security.web.context.request.async.WebAsyncManagerIntegrationFilter@41a0a072, org.springframework.security.web.context.SecurityContextHolderFilter@2b5eeae4, org.springframework.security.web.header.HeaderWriterFilter@7a58b77b, org.springframework.web.filter.CorsFilter@5597d6a6, org.springframework.security.web.authentication.logout.LogoutFilter@68f4a142, com.ecommerce.website.security.jwt.AuthTokenFilter@685f5017, org.springframework.security.web.savedrequest.RequestCacheAwareFilter@39c2823b, org.springframework.security.web.servletapi.SecurityContextHolderAwareRequestFilter@69e0917, org.springframework.security.web.authentication.AnonymousAuthenticationFilter@348dadb4, org.springframework.security.web.session.SessionManagementFilter@4e0f805c, org.springframework.security.web.access.ExceptionTranslationFilter@10504bc7, org.springframework.security.web.access.intercept.AuthorizationFilter@33aa4a3a]
2024-04-28T02:48:04.579+03:00  INFO 10468 --- [           main] o.s.b.t.m.w.SpringBootMockServletContext : Initializing Spring TestDispatcherServlet ''
2024-04-28T02:48:04.579+03:00  INFO 10468 --- [           main] o.s.t.web.servlet.TestDispatcherServlet  : Initializing Servlet ''
2024-04-28T02:48:04.580+03:00  INFO 10468 --- [           main] o.s.t.web.servlet.TestDispatcherServlet  : Completed initialization in 1 ms
2024-04-28T02:48:04.678+03:00  INFO 10468 --- [           main] c.e.w.c.UserControllerIntegrationTests   : Started UserControllerIntegrationTests in 0.741 seconds (process running for 19.766)
2024-04-28T02:48:05.088+03:00 ERROR 10468 --- [           main] c.e.w.security.jwt.AuthEntryPointJwt     : Unauthorized error: Full authentication is required to access this resource
2024-04-28T02:48:05.557+03:00  INFO 10468 --- [           main] j.LocalContainerEntityManagerFactoryBean : Closing JPA EntityManagerFactory for persistence unit 'default'
2024-04-28T02:48:05.559+03:00  INFO 10468 --- [           main] com.zaxxer.hikari.HikariDataSource       : HikariPool-9 - Shutdown initiated...
2024-04-28T02:48:05.560+03:00  INFO 10468 --- [           main] com.zaxxer.hikari.HikariDataSource       : HikariPool-9 - Shutdown completed.
]]></system-out>
  </testcase>
  <testcase name="updateUserTest" classname="com.ecommerce.website.controllers.UserControllerIntegrationTests" time="0.598">
    <system-out><![CDATA[
  .   ____          _            __ _ _
 /\\ / ___'_ __ _ _(_)_ __  __ _ \ \ \ \
( ( )\___ | '_ | '_| | '_ \/ _` | \ \ \ \
 \\/  ___)| |_)| | | | | || (_| |  ) ) ) )
  '  |____| .__|_| |_|_| |_\__, | / / / /
 =========|_|==============|___/=/_/_/_/
 :: Spring Boot ::                (v3.2.5)

2024-04-28T02:48:05.578+03:00  INFO 10468 --- [           main] c.e.w.c.UserControllerIntegrationTests   : Starting UserControllerIntegrationTests using Java 21.0.2 with PID 10468 (started by MTopr in D:\Projects\ECommerce-Backend)
2024-04-28T02:48:05.579+03:00  INFO 10468 --- [           main] c.e.w.c.UserControllerIntegrationTests   : No active profile set, falling back to 1 default profile: "default"
2024-04-28T02:48:05.735+03:00  INFO 10468 --- [           main] .s.d.r.c.RepositoryConfigurationDelegate : Bootstrapping Spring Data JPA repositories in DEFAULT mode.
2024-04-28T02:48:05.761+03:00  INFO 10468 --- [           main] .s.d.r.c.RepositoryConfigurationDelegate : Finished Spring Data repository scanning in 25 ms. Found 4 JPA repository interfaces.
2024-04-28T02:48:05.822+03:00  INFO 10468 --- [           main] com.zaxxer.hikari.HikariDataSource       : HikariPool-10 - Starting...
2024-04-28T02:48:05.823+03:00  INFO 10468 --- [           main] com.zaxxer.hikari.pool.HikariPool        : HikariPool-10 - Added connection conn90: url=jdbc:h2:mem:testdb user=SA
2024-04-28T02:48:05.823+03:00  INFO 10468 --- [           main] com.zaxxer.hikari.HikariDataSource       : HikariPool-10 - Start completed.
2024-04-28T02:48:05.824+03:00  INFO 10468 --- [           main] o.hibernate.jpa.internal.util.LogHelper  : HHH000204: Processing PersistenceUnitInfo [name: default]
2024-04-28T02:48:05.827+03:00  INFO 10468 --- [           main] o.h.c.internal.RegionFactoryInitiator    : HHH000026: Second-level cache disabled
2024-04-28T02:48:05.831+03:00  INFO 10468 --- [           main] o.s.o.j.p.SpringPersistenceUnitInfo      : No LoadTimeWeaver setup: ignoring JPA class transformer
2024-04-28T02:48:05.917+03:00  INFO 10468 --- [           main] o.h.e.t.j.p.i.JtaPlatformInitiator       : HHH000489: No JTA platform available (set 'hibernate.transaction.jta.platform' to enable JTA platform integration)
2024-04-28T02:48:05.929+03:00  INFO 10468 --- [           main] j.LocalContainerEntityManagerFactoryBean : Initialized JPA EntityManagerFactory for persistence unit 'default'
2024-04-28T02:48:06.014+03:00  WARN 10468 --- [           main] JpaBaseConfiguration$JpaWebConfiguration : spring.jpa.open-in-view is enabled by default. Therefore, database queries may be performed during view rendering. Explicitly configure spring.jpa.open-in-view to disable this warning
2024-04-28T02:48:06.077+03:00  INFO 10468 --- [           main] o.s.s.web.DefaultSecurityFilterChain     : Will secure any request with [org.springframework.security.web.session.DisableEncodeUrlFilter@7d8fd4ea, org.springframework.security.web.context.request.async.WebAsyncManagerIntegrationFilter@237c078c, org.springframework.security.web.context.SecurityContextHolderFilter@40b2598, org.springframework.security.web.header.HeaderWriterFilter@34b7283d, org.springframework.web.filter.CorsFilter@2d385605, org.springframework.security.web.authentication.logout.LogoutFilter@7ca45136, com.ecommerce.website.security.jwt.AuthTokenFilter@4cb9209b, org.springframework.security.web.savedrequest.RequestCacheAwareFilter@36beccf, org.springframework.security.web.servletapi.SecurityContextHolderAwareRequestFilter@e10da5f, org.springframework.security.web.authentication.AnonymousAuthenticationFilter@7c4a83cb, org.springframework.security.web.session.SessionManagementFilter@728bad40, org.springframework.security.web.access.ExceptionTranslationFilter@24146e78, org.springframework.security.web.access.intercept.AuthorizationFilter@283f239a]
2024-04-28T02:48:06.157+03:00  INFO 10468 --- [           main] o.s.b.t.m.w.SpringBootMockServletContext : Initializing Spring TestDispatcherServlet ''
2024-04-28T02:48:06.157+03:00  INFO 10468 --- [           main] o.s.t.web.servlet.TestDispatcherServlet  : Initializing Servlet ''
2024-04-28T02:48:06.158+03:00  INFO 10468 --- [           main] o.s.t.web.servlet.TestDispatcherServlet  : Completed initialization in 1 ms
2024-04-28T02:48:06.252+03:00  INFO 10468 --- [           main] c.e.w.c.UserControllerIntegrationTests   : Started UserControllerIntegrationTests in 0.689 seconds (process running for 21.341)
2024-04-28T02:48:06.348+03:00 ERROR 10468 --- [           main] c.e.w.security.jwt.AuthEntryPointJwt     : Unauthorized error: Full authentication is required to access this resource
2024-04-28T02:48:06.848+03:00  INFO 10468 --- [           main] j.LocalContainerEntityManagerFactoryBean : Closing JPA EntityManagerFactory for persistence unit 'default'
2024-04-28T02:48:06.851+03:00  INFO 10468 --- [           main] com.zaxxer.hikari.HikariDataSource       : HikariPool-10 - Shutdown initiated...
2024-04-28T02:48:06.852+03:00  INFO 10468 --- [           main] com.zaxxer.hikari.HikariDataSource       : HikariPool-10 - Shutdown completed.
]]></system-out>
  </testcase>
  <testcase name="testPasswordEncoded" classname="com.ecommerce.website.controllers.UserControllerIntegrationTests" time="0.15">
    <system-out><![CDATA[
  .   ____          _            __ _ _
 /\\ / ___'_ __ _ _(_)_ __  __ _ \ \ \ \
( ( )\___ | '_ | '_| | '_ \/ _` | \ \ \ \
 \\/  ___)| |_)| | | | | || (_| |  ) ) ) )
  '  |____| .__|_| |_|_| |_\__, | / / / /
 =========|_|==============|___/=/_/_/_/
 :: Spring Boot ::                (v3.2.5)

2024-04-28T02:48:06.867+03:00  INFO 10468 --- [           main] c.e.w.c.UserControllerIntegrationTests   : Starting UserControllerIntegrationTests using Java 21.0.2 with PID 10468 (started by MTopr in D:\Projects\ECommerce-Backend)
2024-04-28T02:48:06.867+03:00  INFO 10468 --- [           main] c.e.w.c.UserControllerIntegrationTests   : No active profile set, falling back to 1 default profile: "default"
2024-04-28T02:48:07.036+03:00  INFO 10468 --- [           main] .s.d.r.c.RepositoryConfigurationDelegate : Bootstrapping Spring Data JPA repositories in DEFAULT mode.
2024-04-28T02:48:07.062+03:00  INFO 10468 --- [           main] .s.d.r.c.RepositoryConfigurationDelegate : Finished Spring Data repository scanning in 25 ms. Found 4 JPA repository interfaces.
2024-04-28T02:48:07.123+03:00  INFO 10468 --- [           main] com.zaxxer.hikari.HikariDataSource       : HikariPool-11 - Starting...
2024-04-28T02:48:07.124+03:00  INFO 10468 --- [           main] com.zaxxer.hikari.pool.HikariPool        : HikariPool-11 - Added connection conn100: url=jdbc:h2:mem:testdb user=SA
2024-04-28T02:48:07.124+03:00  INFO 10468 --- [           main] com.zaxxer.hikari.HikariDataSource       : HikariPool-11 - Start completed.
2024-04-28T02:48:07.125+03:00  INFO 10468 --- [           main] o.hibernate.jpa.internal.util.LogHelper  : HHH000204: Processing PersistenceUnitInfo [name: default]
2024-04-28T02:48:07.127+03:00  INFO 10468 --- [           main] o.h.c.internal.RegionFactoryInitiator    : HHH000026: Second-level cache disabled
2024-04-28T02:48:07.130+03:00  INFO 10468 --- [           main] o.s.o.j.p.SpringPersistenceUnitInfo      : No LoadTimeWeaver setup: ignoring JPA class transformer
2024-04-28T02:48:07.239+03:00  INFO 10468 --- [           main] o.h.e.t.j.p.i.JtaPlatformInitiator       : HHH000489: No JTA platform available (set 'hibernate.transaction.jta.platform' to enable JTA platform integration)
2024-04-28T02:48:07.250+03:00  INFO 10468 --- [           main] j.LocalContainerEntityManagerFactoryBean : Initialized JPA EntityManagerFactory for persistence unit 'default'
2024-04-28T02:48:07.326+03:00  WARN 10468 --- [           main] JpaBaseConfiguration$JpaWebConfiguration : spring.jpa.open-in-view is enabled by default. Therefore, database queries may be performed during view rendering. Explicitly configure spring.jpa.open-in-view to disable this warning
2024-04-28T02:48:07.391+03:00  INFO 10468 --- [           main] o.s.s.web.DefaultSecurityFilterChain     : Will secure any request with [org.springframework.security.web.session.DisableEncodeUrlFilter@78fd5c77, org.springframework.security.web.context.request.async.WebAsyncManagerIntegrationFilter@11971091, org.springframework.security.web.context.SecurityContextHolderFilter@4f1f313f, org.springframework.security.web.header.HeaderWriterFilter@403749bc, org.springframework.web.filter.CorsFilter@12946090, org.springframework.security.web.authentication.logout.LogoutFilter@59c618a9, com.ecommerce.website.security.jwt.AuthTokenFilter@2c87e895, org.springframework.security.web.savedrequest.RequestCacheAwareFilter@317b0040, org.springframework.security.web.servletapi.SecurityContextHolderAwareRequestFilter@4bfbc57a, org.springframework.security.web.authentication.AnonymousAuthenticationFilter@2a7235ef, org.springframework.security.web.session.SessionManagementFilter@f057789, org.springframework.security.web.access.ExceptionTranslationFilter@40f42ae, org.springframework.security.web.access.intercept.AuthorizationFilter@2593a9a4]
2024-04-28T02:48:07.475+03:00  INFO 10468 --- [           main] o.s.b.t.m.w.SpringBootMockServletContext : Initializing Spring TestDispatcherServlet ''
2024-04-28T02:48:07.476+03:00  INFO 10468 --- [           main] o.s.t.web.servlet.TestDispatcherServlet  : Initializing Servlet ''
2024-04-28T02:48:07.476+03:00  INFO 10468 --- [           main] o.s.t.web.servlet.TestDispatcherServlet  : Completed initialization in 0 ms
2024-04-28T02:48:07.572+03:00  INFO 10468 --- [           main] c.e.w.c.UserControllerIntegrationTests   : Started UserControllerIntegrationTests in 0.718 seconds (process running for 22.661)
2024-04-28T02:48:07.720+03:00  INFO 10468 --- [           main] j.LocalContainerEntityManagerFactoryBean : Closing JPA EntityManagerFactory for persistence unit 'default'
2024-04-28T02:48:07.722+03:00  INFO 10468 --- [           main] com.zaxxer.hikari.HikariDataSource       : HikariPool-11 - Shutdown initiated...
2024-04-28T02:48:07.723+03:00  INFO 10468 --- [           main] com.zaxxer.hikari.HikariDataSource       : HikariPool-11 - Shutdown completed.
]]></system-out>
  </testcase>
  <testcase name="getUserTest" classname="com.ecommerce.website.controllers.UserControllerIntegrationTests" time="0.554">
    <system-out><![CDATA[
  .   ____          _            __ _ _
 /\\ / ___'_ __ _ _(_)_ __  __ _ \ \ \ \
( ( )\___ | '_ | '_| | '_ \/ _` | \ \ \ \
 \\/  ___)| |_)| | | | | || (_| |  ) ) ) )
  '  |____| .__|_| |_|_| |_\__, | / / / /
 =========|_|==============|___/=/_/_/_/
 :: Spring Boot ::                (v3.2.5)

2024-04-28T02:48:07.743+03:00  INFO 10468 --- [           main] c.e.w.c.UserControllerIntegrationTests   : Starting UserControllerIntegrationTests using Java 21.0.2 with PID 10468 (started by MTopr in D:\Projects\ECommerce-Backend)
2024-04-28T02:48:07.744+03:00  INFO 10468 --- [           main] c.e.w.c.UserControllerIntegrationTests   : No active profile set, falling back to 1 default profile: "default"
2024-04-28T02:48:07.922+03:00  INFO 10468 --- [           main] .s.d.r.c.RepositoryConfigurationDelegate : Bootstrapping Spring Data JPA repositories in DEFAULT mode.
2024-04-28T02:48:07.945+03:00  INFO 10468 --- [           main] .s.d.r.c.RepositoryConfigurationDelegate : Finished Spring Data repository scanning in 22 ms. Found 4 JPA repository interfaces.
2024-04-28T02:48:07.997+03:00  INFO 10468 --- [           main] com.zaxxer.hikari.HikariDataSource       : HikariPool-12 - Starting...
2024-04-28T02:48:07.998+03:00  INFO 10468 --- [           main] com.zaxxer.hikari.pool.HikariPool        : HikariPool-12 - Added connection conn110: url=jdbc:h2:mem:testdb user=SA
2024-04-28T02:48:07.998+03:00  INFO 10468 --- [           main] com.zaxxer.hikari.HikariDataSource       : HikariPool-12 - Start completed.
2024-04-28T02:48:08.000+03:00  INFO 10468 --- [           main] o.hibernate.jpa.internal.util.LogHelper  : HHH000204: Processing PersistenceUnitInfo [name: default]
2024-04-28T02:48:08.002+03:00  INFO 10468 --- [           main] o.h.c.internal.RegionFactoryInitiator    : HHH000026: Second-level cache disabled
2024-04-28T02:48:08.005+03:00  INFO 10468 --- [           main] o.s.o.j.p.SpringPersistenceUnitInfo      : No LoadTimeWeaver setup: ignoring JPA class transformer
2024-04-28T02:48:08.089+03:00  INFO 10468 --- [           main] o.h.e.t.j.p.i.JtaPlatformInitiator       : HHH000489: No JTA platform available (set 'hibernate.transaction.jta.platform' to enable JTA platform integration)
2024-04-28T02:48:08.098+03:00  INFO 10468 --- [           main] j.LocalContainerEntityManagerFactoryBean : Initialized JPA EntityManagerFactory for persistence unit 'default'
2024-04-28T02:48:08.162+03:00  WARN 10468 --- [           main] JpaBaseConfiguration$JpaWebConfiguration : spring.jpa.open-in-view is enabled by default. Therefore, database queries may be performed during view rendering. Explicitly configure spring.jpa.open-in-view to disable this warning
2024-04-28T02:48:08.216+03:00  INFO 10468 --- [           main] o.s.s.web.DefaultSecurityFilterChain     : Will secure any request with [org.springframework.security.web.session.DisableEncodeUrlFilter@9d7f34a, org.springframework.security.web.context.request.async.WebAsyncManagerIntegrationFilter@3db3b4b1, org.springframework.security.web.context.SecurityContextHolderFilter@2402f553, org.springframework.security.web.header.HeaderWriterFilter@3ccf49f7, org.springframework.web.filter.CorsFilter@6b8f9714, org.springframework.security.web.authentication.logout.LogoutFilter@25a22e57, com.ecommerce.website.security.jwt.AuthTokenFilter@21160db7, org.springframework.security.web.savedrequest.RequestCacheAwareFilter@63ceb4ca, org.springframework.security.web.servletapi.SecurityContextHolderAwareRequestFilter@2588d9b5, org.springframework.security.web.authentication.AnonymousAuthenticationFilter@6f525793, org.springframework.security.web.session.SessionManagementFilter@136468c, org.springframework.security.web.access.ExceptionTranslationFilter@8b9f657, org.springframework.security.web.access.intercept.AuthorizationFilter@507a8462]
2024-04-28T02:48:08.282+03:00  INFO 10468 --- [           main] o.s.b.t.m.w.SpringBootMockServletContext : Initializing Spring TestDispatcherServlet ''
2024-04-28T02:48:08.282+03:00  INFO 10468 --- [           main] o.s.t.web.servlet.TestDispatcherServlet  : Initializing Servlet ''
2024-04-28T02:48:08.283+03:00  INFO 10468 --- [           main] o.s.t.web.servlet.TestDispatcherServlet  : Completed initialization in 1 ms
2024-04-28T02:48:08.378+03:00  INFO 10468 --- [           main] c.e.w.c.UserControllerIntegrationTests   : Started UserControllerIntegrationTests in 0.651 seconds (process running for 23.466)
2024-04-28T02:48:08.469+03:00 ERROR 10468 --- [           main] c.e.w.security.jwt.AuthEntryPointJwt     : Unauthorized error: Full authentication is required to access this resource
2024-04-28T02:48:08.931+03:00  INFO 10468 --- [           main] j.LocalContainerEntityManagerFactoryBean : Closing JPA EntityManagerFactory for persistence unit 'default'
2024-04-28T02:48:08.933+03:00  INFO 10468 --- [           main] com.zaxxer.hikari.HikariDataSource       : HikariPool-12 - Shutdown initiated...
2024-04-28T02:48:08.934+03:00  INFO 10468 --- [           main] com.zaxxer.hikari.HikariDataSource       : HikariPool-12 - Shutdown completed.
]]></system-out>
  </testcase>
  <testcase name="deleteUserTest" classname="com.ecommerce.website.controllers.UserControllerIntegrationTests" time="0.567">
    <system-out><![CDATA[
  .   ____          _            __ _ _
 /\\ / ___'_ __ _ _(_)_ __  __ _ \ \ \ \
( ( )\___ | '_ | '_| | '_ \/ _` | \ \ \ \
 \\/  ___)| |_)| | | | | || (_| |  ) ) ) )
  '  |____| .__|_| |_|_| |_\__, | / / / /
 =========|_|==============|___/=/_/_/_/
 :: Spring Boot ::                (v3.2.5)

2024-04-28T02:48:08.949+03:00  INFO 10468 --- [           main] c.e.w.c.UserControllerIntegrationTests   : Starting UserControllerIntegrationTests using Java 21.0.2 with PID 10468 (started by MTopr in D:\Projects\ECommerce-Backend)
2024-04-28T02:48:08.949+03:00  INFO 10468 --- [           main] c.e.w.c.UserControllerIntegrationTests   : No active profile set, falling back to 1 default profile: "default"
2024-04-28T02:48:09.097+03:00  INFO 10468 --- [           main] .s.d.r.c.RepositoryConfigurationDelegate : Bootstrapping Spring Data JPA repositories in DEFAULT mode.
2024-04-28T02:48:09.126+03:00  INFO 10468 --- [           main] .s.d.r.c.RepositoryConfigurationDelegate : Finished Spring Data repository scanning in 28 ms. Found 4 JPA repository interfaces.
2024-04-28T02:48:09.181+03:00  INFO 10468 --- [           main] com.zaxxer.hikari.HikariDataSource       : HikariPool-13 - Starting...
2024-04-28T02:48:09.182+03:00  INFO 10468 --- [           main] com.zaxxer.hikari.pool.HikariPool        : HikariPool-13 - Added connection conn120: url=jdbc:h2:mem:testdb user=SA
2024-04-28T02:48:09.182+03:00  INFO 10468 --- [           main] com.zaxxer.hikari.HikariDataSource       : HikariPool-13 - Start completed.
2024-04-28T02:48:09.184+03:00  INFO 10468 --- [           main] o.hibernate.jpa.internal.util.LogHelper  : HHH000204: Processing PersistenceUnitInfo [name: default]
2024-04-28T02:48:09.186+03:00  INFO 10468 --- [           main] o.h.c.internal.RegionFactoryInitiator    : HHH000026: Second-level cache disabled
2024-04-28T02:48:09.189+03:00  INFO 10468 --- [           main] o.s.o.j.p.SpringPersistenceUnitInfo      : No LoadTimeWeaver setup: ignoring JPA class transformer
2024-04-28T02:48:09.264+03:00  INFO 10468 --- [           main] o.h.e.t.j.p.i.JtaPlatformInitiator       : HHH000489: No JTA platform available (set 'hibernate.transaction.jta.platform' to enable JTA platform integration)
2024-04-28T02:48:09.275+03:00  INFO 10468 --- [           main] j.LocalContainerEntityManagerFactoryBean : Initialized JPA EntityManagerFactory for persistence unit 'default'
2024-04-28T02:48:09.345+03:00  WARN 10468 --- [           main] JpaBaseConfiguration$JpaWebConfiguration : spring.jpa.open-in-view is enabled by default. Therefore, database queries may be performed during view rendering. Explicitly configure spring.jpa.open-in-view to disable this warning
2024-04-28T02:48:09.407+03:00  INFO 10468 --- [           main] o.s.s.web.DefaultSecurityFilterChain     : Will secure any request with [org.springframework.security.web.session.DisableEncodeUrlFilter@4994b23d, org.springframework.security.web.context.request.async.WebAsyncManagerIntegrationFilter@381d5eb8, org.springframework.security.web.context.SecurityContextHolderFilter@51c62d81, org.springframework.security.web.header.HeaderWriterFilter@3e0238c, org.springframework.web.filter.CorsFilter@4fe258f2, org.springframework.security.web.authentication.logout.LogoutFilter@7b915d3a, com.ecommerce.website.security.jwt.AuthTokenFilter@6e17fc2b, org.springframework.security.web.savedrequest.RequestCacheAwareFilter@63eff41c, org.springframework.security.web.servletapi.SecurityContextHolderAwareRequestFilter@619157ae, org.springframework.security.web.authentication.AnonymousAuthenticationFilter@6bb22339, org.springframework.security.web.session.SessionManagementFilter@6fa2a253, org.springframework.security.web.access.ExceptionTranslationFilter@539c20ed, org.springframework.security.web.access.intercept.AuthorizationFilter@c851e21]
2024-04-28T02:48:09.484+03:00  INFO 10468 --- [           main] o.s.b.t.m.w.SpringBootMockServletContext : Initializing Spring TestDispatcherServlet ''
2024-04-28T02:48:09.484+03:00  INFO 10468 --- [           main] o.s.t.web.servlet.TestDispatcherServlet  : Initializing Servlet ''
2024-04-28T02:48:09.485+03:00  INFO 10468 --- [           main] o.s.t.web.servlet.TestDispatcherServlet  : Completed initialization in 1 ms
2024-04-28T02:48:09.578+03:00  INFO 10468 --- [           main] c.e.w.c.UserControllerIntegrationTests   : Started UserControllerIntegrationTests in 0.642 seconds (process running for 24.667)
2024-04-28T02:48:09.668+03:00 ERROR 10468 --- [           main] c.e.w.security.jwt.AuthEntryPointJwt     : Unauthorized error: Full authentication is required to access this resource
2024-04-28T02:48:10.145+03:00  INFO 10468 --- [           main] j.LocalContainerEntityManagerFactoryBean : Closing JPA EntityManagerFactory for persistence unit 'default'
2024-04-28T02:48:10.146+03:00  INFO 10468 --- [           main] com.zaxxer.hikari.HikariDataSource       : HikariPool-13 - Shutdown initiated...
2024-04-28T02:48:10.147+03:00  INFO 10468 --- [           main] com.zaxxer.hikari.HikariDataSource       : HikariPool-13 - Shutdown completed.
]]></system-out>
  </testcase>
</testsuite>