<?xml version="1.0" encoding="UTF-8"?>
<testsuite xmlns:xsi="http://www.w3.org/2001/XMLSchema-instance" xsi:noNamespaceSchemaLocation="https://maven.apache.org/surefire/maven-surefire-plugin/xsd/surefire-test-report-3.0.xsd" version="3.0" name="com.sonmez.controllers.UserControllerIntegrationTests" time="5.208" tests="7" errors="0" skipped="0" failures="0">
  <properties>
[...]
</properties>
  <testcase name="loginTest" classname="com.sonmez.controllers.UserControllerIntegrationTests" time="0.244">
    <system-out><![CDATA[2024-04-25T00:19:07.641+03:00  INFO 2140 --- [           main] t.c.s.AnnotationConfigContextLoaderUtils : Could not detect default configuration classes for test class [com.sonmez.controllers.UserControllerIntegrationTests]: UserControllerIntegrationTests does not declare any static, non-private, non-final, nested classes annotated with @Configuration.
2024-04-25T00:19:07.644+03:00  INFO 2140 --- [           main] .b.t.c.SpringBootTestContextBootstrapper : Found @SpringBootConfiguration com.sonmez.Application for test class com.sonmez.controllers.UserControllerIntegrationTests

  .   ____          _            __ _ _
 /\\ / ___'_ __ _ _(_)_ __  __ _ \ \ \ \
( ( )\___ | '_ | '_| | '_ \/ _` | \ \ \ \
 \\/  ___)| |_)| | | | | || (_| |  ) ) ) )
  '  |____| .__|_| |_|_| |_\__, | / / / /
 =========|_|==============|___/=/_/_/_/
 :: Spring Boot ::                (v3.2.5)

2024-04-25T00:19:07.677+03:00  INFO 2140 --- [           main] c.s.c.UserControllerIntegrationTests     : Starting UserControllerIntegrationTests using Java 21.0.2 with PID 2140 (started by MTopr in D:\Projects\website)
2024-04-25T00:19:07.678+03:00  INFO 2140 --- [           main] c.s.c.UserControllerIntegrationTests     : No active profile set, falling back to 1 default profile: "default"
2024-04-25T00:19:07.872+03:00  INFO 2140 --- [           main] .s.d.r.c.RepositoryConfigurationDelegate : Bootstrapping Spring Data JPA repositories in DEFAULT mode.
2024-04-25T00:19:07.895+03:00  INFO 2140 --- [           main] .s.d.r.c.RepositoryConfigurationDelegate : Finished Spring Data repository scanning in 22 ms. Found 3 JPA repository interfaces.
2024-04-25T00:19:07.957+03:00  INFO 2140 --- [           main] com.zaxxer.hikari.HikariDataSource       : HikariPool-7 - Starting...
2024-04-25T00:19:07.958+03:00  INFO 2140 --- [           main] com.zaxxer.hikari.pool.HikariPool        : HikariPool-7 - Added connection conn60: url=jdbc:h2:mem:testdb user=SA
2024-04-25T00:19:07.959+03:00  INFO 2140 --- [           main] com.zaxxer.hikari.HikariDataSource       : HikariPool-7 - Start completed.
2024-04-25T00:19:07.960+03:00  INFO 2140 --- [           main] o.hibernate.jpa.internal.util.LogHelper  : HHH000204: Processing PersistenceUnitInfo [name: default]
2024-04-25T00:19:07.962+03:00  INFO 2140 --- [           main] o.h.c.internal.RegionFactoryInitiator    : HHH000026: Second-level cache disabled
2024-04-25T00:19:07.968+03:00  INFO 2140 --- [           main] o.s.o.j.p.SpringPersistenceUnitInfo      : No LoadTimeWeaver setup: ignoring JPA class transformer
2024-04-25T00:19:08.077+03:00  INFO 2140 --- [           main] o.h.e.t.j.p.i.JtaPlatformInitiator       : HHH000489: No JTA platform available (set 'hibernate.transaction.jta.platform' to enable JTA platform integration)
2024-04-25T00:19:08.089+03:00  INFO 2140 --- [           main] j.LocalContainerEntityManagerFactoryBean : Initialized JPA EntityManagerFactory for persistence unit 'default'
2024-04-25T00:19:08.157+03:00  WARN 2140 --- [           main] JpaBaseConfiguration$JpaWebConfiguration : spring.jpa.open-in-view is enabled by default. Therefore, database queries may be performed during view rendering. Explicitly configure spring.jpa.open-in-view to disable this warning
2024-04-25T00:19:08.234+03:00  INFO 2140 --- [           main] o.s.b.t.m.w.SpringBootMockServletContext : Initializing Spring TestDispatcherServlet ''
2024-04-25T00:19:08.235+03:00  INFO 2140 --- [           main] o.s.t.web.servlet.TestDispatcherServlet  : Initializing Servlet ''
2024-04-25T00:19:08.235+03:00  INFO 2140 --- [           main] o.s.t.web.servlet.TestDispatcherServlet  : Completed initialization in 0 ms
2024-04-25T00:19:08.240+03:00  INFO 2140 --- [           main] c.s.c.UserControllerIntegrationTests     : Started UserControllerIntegrationTests in 0.592 seconds (process running for 14.487)
2024-04-25T00:19:08.483+03:00  INFO 2140 --- [           main] j.LocalContainerEntityManagerFactoryBean : Closing JPA EntityManagerFactory for persistence unit 'default'
2024-04-25T00:19:08.485+03:00  INFO 2140 --- [           main] com.zaxxer.hikari.HikariDataSource       : HikariPool-7 - Shutdown initiated...
2024-04-25T00:19:08.486+03:00  INFO 2140 --- [           main] com.zaxxer.hikari.HikariDataSource       : HikariPool-7 - Shutdown completed.
]]></system-out>
  </testcase>
  <testcase name="registerTest" classname="com.sonmez.controllers.UserControllerIntegrationTests" time="0.117">
    <system-out><![CDATA[
  .   ____          _            __ _ _
 /\\ / ___'_ __ _ _(_)_ __  __ _ \ \ \ \
( ( )\___ | '_ | '_| | '_ \/ _` | \ \ \ \
 \\/  ___)| |_)| | | | | || (_| |  ) ) ) )
  '  |____| .__|_| |_|_| |_\__, | / / / /
 =========|_|==============|___/=/_/_/_/
 :: Spring Boot ::                (v3.2.5)

2024-04-25T00:19:08.507+03:00  INFO 2140 --- [           main] c.s.c.UserControllerIntegrationTests     : Starting UserControllerIntegrationTests using Java 21.0.2 with PID 2140 (started by MTopr in D:\Projects\website)
2024-04-25T00:19:08.507+03:00  INFO 2140 --- [           main] c.s.c.UserControllerIntegrationTests     : No active profile set, falling back to 1 default profile: "default"
2024-04-25T00:19:08.679+03:00  INFO 2140 --- [           main] .s.d.r.c.RepositoryConfigurationDelegate : Bootstrapping Spring Data JPA repositories in DEFAULT mode.
2024-04-25T00:19:08.700+03:00  INFO 2140 --- [           main] .s.d.r.c.RepositoryConfigurationDelegate : Finished Spring Data repository scanning in 21 ms. Found 3 JPA repository interfaces.
2024-04-25T00:19:08.759+03:00  INFO 2140 --- [           main] com.zaxxer.hikari.HikariDataSource       : HikariPool-8 - Starting...
2024-04-25T00:19:08.761+03:00  INFO 2140 --- [           main] com.zaxxer.hikari.pool.HikariPool        : HikariPool-8 - Added connection conn70: url=jdbc:h2:mem:testdb user=SA
2024-04-25T00:19:08.761+03:00  INFO 2140 --- [           main] com.zaxxer.hikari.HikariDataSource       : HikariPool-8 - Start completed.
2024-04-25T00:19:08.763+03:00  INFO 2140 --- [           main] o.hibernate.jpa.internal.util.LogHelper  : HHH000204: Processing PersistenceUnitInfo [name: default]
2024-04-25T00:19:08.766+03:00  INFO 2140 --- [           main] o.h.c.internal.RegionFactoryInitiator    : HHH000026: Second-level cache disabled
2024-04-25T00:19:08.771+03:00  INFO 2140 --- [           main] o.s.o.j.p.SpringPersistenceUnitInfo      : No LoadTimeWeaver setup: ignoring JPA class transformer
2024-04-25T00:19:08.877+03:00  INFO 2140 --- [           main] o.h.e.t.j.p.i.JtaPlatformInitiator       : HHH000489: No JTA platform available (set 'hibernate.transaction.jta.platform' to enable JTA platform integration)
2024-04-25T00:19:08.886+03:00  INFO 2140 --- [           main] j.LocalContainerEntityManagerFactoryBean : Initialized JPA EntityManagerFactory for persistence unit 'default'
2024-04-25T00:19:08.944+03:00  WARN 2140 --- [           main] JpaBaseConfiguration$JpaWebConfiguration : spring.jpa.open-in-view is enabled by default. Therefore, database queries may be performed during view rendering. Explicitly configure spring.jpa.open-in-view to disable this warning
2024-04-25T00:19:09.022+03:00  INFO 2140 --- [           main] o.s.b.t.m.w.SpringBootMockServletContext : Initializing Spring TestDispatcherServlet ''
2024-04-25T00:19:09.022+03:00  INFO 2140 --- [           main] o.s.t.web.servlet.TestDispatcherServlet  : Initializing Servlet ''
2024-04-25T00:19:09.023+03:00  INFO 2140 --- [           main] o.s.t.web.servlet.TestDispatcherServlet  : Completed initialization in 1 ms
2024-04-25T00:19:09.027+03:00  INFO 2140 --- [           main] c.s.c.UserControllerIntegrationTests     : Started UserControllerIntegrationTests in 0.538 seconds (process running for 15.274)
2024-04-25T00:19:09.141+03:00  INFO 2140 --- [           main] j.LocalContainerEntityManagerFactoryBean : Closing JPA EntityManagerFactory for persistence unit 'default'
2024-04-25T00:19:09.145+03:00  INFO 2140 --- [           main] com.zaxxer.hikari.HikariDataSource       : HikariPool-8 - Shutdown initiated...
2024-04-25T00:19:09.146+03:00  INFO 2140 --- [           main] com.zaxxer.hikari.HikariDataSource       : HikariPool-8 - Shutdown completed.
]]></system-out>
  </testcase>
  <testcase name="deleteProductTest" classname="com.sonmez.controllers.UserControllerIntegrationTests" time="0.105">
    <system-out><![CDATA[
  .   ____          _            __ _ _
 /\\ / ___'_ __ _ _(_)_ __  __ _ \ \ \ \
( ( )\___ | '_ | '_| | '_ \/ _` | \ \ \ \
 \\/  ___)| |_)| | | | | || (_| |  ) ) ) )
  '  |____| .__|_| |_|_| |_\__, | / / / /
 =========|_|==============|___/=/_/_/_/
 :: Spring Boot ::                (v3.2.5)

2024-04-25T00:19:09.166+03:00  INFO 2140 --- [           main] c.s.c.UserControllerIntegrationTests     : Starting UserControllerIntegrationTests using Java 21.0.2 with PID 2140 (started by MTopr in D:\Projects\website)
2024-04-25T00:19:09.166+03:00  INFO 2140 --- [           main] c.s.c.UserControllerIntegrationTests     : No active profile set, falling back to 1 default profile: "default"
2024-04-25T00:19:09.333+03:00  INFO 2140 --- [           main] .s.d.r.c.RepositoryConfigurationDelegate : Bootstrapping Spring Data JPA repositories in DEFAULT mode.
2024-04-25T00:19:09.356+03:00  INFO 2140 --- [           main] .s.d.r.c.RepositoryConfigurationDelegate : Finished Spring Data repository scanning in 21 ms. Found 3 JPA repository interfaces.
2024-04-25T00:19:09.419+03:00  INFO 2140 --- [           main] com.zaxxer.hikari.HikariDataSource       : HikariPool-9 - Starting...
2024-04-25T00:19:09.421+03:00  INFO 2140 --- [           main] com.zaxxer.hikari.pool.HikariPool        : HikariPool-9 - Added connection conn80: url=jdbc:h2:mem:testdb user=SA
2024-04-25T00:19:09.421+03:00  INFO 2140 --- [           main] com.zaxxer.hikari.HikariDataSource       : HikariPool-9 - Start completed.
2024-04-25T00:19:09.423+03:00  INFO 2140 --- [           main] o.hibernate.jpa.internal.util.LogHelper  : HHH000204: Processing PersistenceUnitInfo [name: default]
2024-04-25T00:19:09.426+03:00  INFO 2140 --- [           main] o.h.c.internal.RegionFactoryInitiator    : HHH000026: Second-level cache disabled
2024-04-25T00:19:09.430+03:00  INFO 2140 --- [           main] o.s.o.j.p.SpringPersistenceUnitInfo      : No LoadTimeWeaver setup: ignoring JPA class transformer
2024-04-25T00:19:09.536+03:00  INFO 2140 --- [           main] o.h.e.t.j.p.i.JtaPlatformInitiator       : HHH000489: No JTA platform available (set 'hibernate.transaction.jta.platform' to enable JTA platform integration)
2024-04-25T00:19:09.549+03:00  INFO 2140 --- [           main] j.LocalContainerEntityManagerFactoryBean : Initialized JPA EntityManagerFactory for persistence unit 'default'
2024-04-25T00:19:09.621+03:00  WARN 2140 --- [           main] JpaBaseConfiguration$JpaWebConfiguration : spring.jpa.open-in-view is enabled by default. Therefore, database queries may be performed during view rendering. Explicitly configure spring.jpa.open-in-view to disable this warning
2024-04-25T00:19:09.707+03:00  INFO 2140 --- [           main] o.s.b.t.m.w.SpringBootMockServletContext : Initializing Spring TestDispatcherServlet ''
2024-04-25T00:19:09.707+03:00  INFO 2140 --- [           main] o.s.t.web.servlet.TestDispatcherServlet  : Initializing Servlet ''
2024-04-25T00:19:09.707+03:00  INFO 2140 --- [           main] o.s.t.web.servlet.TestDispatcherServlet  : Completed initialization in 0 ms
2024-04-25T00:19:09.714+03:00  INFO 2140 --- [           main] c.s.c.UserControllerIntegrationTests     : Started UserControllerIntegrationTests in 0.565 seconds (process running for 15.961)
2024-04-25T00:19:09.819+03:00  INFO 2140 --- [           main] j.LocalContainerEntityManagerFactoryBean : Closing JPA EntityManagerFactory for persistence unit 'default'
2024-04-25T00:19:09.822+03:00  INFO 2140 --- [           main] com.zaxxer.hikari.HikariDataSource       : HikariPool-9 - Shutdown initiated...
2024-04-25T00:19:09.822+03:00  INFO 2140 --- [           main] com.zaxxer.hikari.HikariDataSource       : HikariPool-9 - Shutdown completed.
]]></system-out>
  </testcase>
  <testcase name="listUsers" classname="com.sonmez.controllers.UserControllerIntegrationTests" time="0.477">
    <system-out><![CDATA[
  .   ____          _            __ _ _
 /\\ / ___'_ __ _ _(_)_ __  __ _ \ \ \ \
( ( )\___ | '_ | '_| | '_ \/ _` | \ \ \ \
 \\/  ___)| |_)| | | | | || (_| |  ) ) ) )
  '  |____| .__|_| |_|_| |_\__, | / / / /
 =========|_|==============|___/=/_/_/_/
 :: Spring Boot ::                (v3.2.5)

2024-04-25T00:19:09.844+03:00  INFO 2140 --- [           main] c.s.c.UserControllerIntegrationTests     : Starting UserControllerIntegrationTests using Java 21.0.2 with PID 2140 (started by MTopr in D:\Projects\website)
2024-04-25T00:19:09.844+03:00  INFO 2140 --- [           main] c.s.c.UserControllerIntegrationTests     : No active profile set, falling back to 1 default profile: "default"
2024-04-25T00:19:10.033+03:00  INFO 2140 --- [           main] .s.d.r.c.RepositoryConfigurationDelegate : Bootstrapping Spring Data JPA repositories in DEFAULT mode.
2024-04-25T00:19:10.055+03:00  INFO 2140 --- [           main] .s.d.r.c.RepositoryConfigurationDelegate : Finished Spring Data repository scanning in 21 ms. Found 3 JPA repository interfaces.
2024-04-25T00:19:10.116+03:00  INFO 2140 --- [           main] com.zaxxer.hikari.HikariDataSource       : HikariPool-10 - Starting...
2024-04-25T00:19:10.117+03:00  INFO 2140 --- [           main] com.zaxxer.hikari.pool.HikariPool        : HikariPool-10 - Added connection conn90: url=jdbc:h2:mem:testdb user=SA
2024-04-25T00:19:10.117+03:00  INFO 2140 --- [           main] com.zaxxer.hikari.HikariDataSource       : HikariPool-10 - Start completed.
2024-04-25T00:19:10.118+03:00  INFO 2140 --- [           main] o.hibernate.jpa.internal.util.LogHelper  : HHH000204: Processing PersistenceUnitInfo [name: default]
2024-04-25T00:19:10.120+03:00  INFO 2140 --- [           main] o.h.c.internal.RegionFactoryInitiator    : HHH000026: Second-level cache disabled
2024-04-25T00:19:10.124+03:00  INFO 2140 --- [           main] o.s.o.j.p.SpringPersistenceUnitInfo      : No LoadTimeWeaver setup: ignoring JPA class transformer
2024-04-25T00:19:10.203+03:00  INFO 2140 --- [           main] o.h.e.t.j.p.i.JtaPlatformInitiator       : HHH000489: No JTA platform available (set 'hibernate.transaction.jta.platform' to enable JTA platform integration)
2024-04-25T00:19:10.211+03:00  INFO 2140 --- [           main] j.LocalContainerEntityManagerFactoryBean : Initialized JPA EntityManagerFactory for persistence unit 'default'
2024-04-25T00:19:10.276+03:00  WARN 2140 --- [           main] JpaBaseConfiguration$JpaWebConfiguration : spring.jpa.open-in-view is enabled by default. Therefore, database queries may be performed during view rendering. Explicitly configure spring.jpa.open-in-view to disable this warning
2024-04-25T00:19:10.351+03:00  INFO 2140 --- [           main] o.s.b.t.m.w.SpringBootMockServletContext : Initializing Spring TestDispatcherServlet ''
2024-04-25T00:19:10.351+03:00  INFO 2140 --- [           main] o.s.t.web.servlet.TestDispatcherServlet  : Initializing Servlet ''
2024-04-25T00:19:10.351+03:00  INFO 2140 --- [           main] o.s.t.web.servlet.TestDispatcherServlet  : Completed initialization in 0 ms
2024-04-25T00:19:10.355+03:00  INFO 2140 --- [           main] c.s.c.UserControllerIntegrationTests     : Started UserControllerIntegrationTests in 0.53 seconds (process running for 16.603)
2024-04-25T00:19:10.831+03:00  INFO 2140 --- [           main] j.LocalContainerEntityManagerFactoryBean : Closing JPA EntityManagerFactory for persistence unit 'default'
2024-04-25T00:19:10.834+03:00  INFO 2140 --- [           main] com.zaxxer.hikari.HikariDataSource       : HikariPool-10 - Shutdown initiated...
2024-04-25T00:19:10.835+03:00  INFO 2140 --- [           main] com.zaxxer.hikari.HikariDataSource       : HikariPool-10 - Shutdown completed.
]]></system-out>
  </testcase>
  <testcase name="updateUserTest" classname="com.sonmez.controllers.UserControllerIntegrationTests" time="0.151">
    <system-out><![CDATA[
  .   ____          _            __ _ _
 /\\ / ___'_ __ _ _(_)_ __  __ _ \ \ \ \
( ( )\___ | '_ | '_| | '_ \/ _` | \ \ \ \
 \\/  ___)| |_)| | | | | || (_| |  ) ) ) )
  '  |____| .__|_| |_|_| |_\__, | / / / /
 =========|_|==============|___/=/_/_/_/
 :: Spring Boot ::                (v3.2.5)

2024-04-25T00:19:10.851+03:00  INFO 2140 --- [           main] c.s.c.UserControllerIntegrationTests     : Starting UserControllerIntegrationTests using Java 21.0.2 with PID 2140 (started by MTopr in D:\Projects\website)
2024-04-25T00:19:10.852+03:00  INFO 2140 --- [           main] c.s.c.UserControllerIntegrationTests     : No active profile set, falling back to 1 default profile: "default"
2024-04-25T00:19:10.998+03:00  INFO 2140 --- [           main] .s.d.r.c.RepositoryConfigurationDelegate : Bootstrapping Spring Data JPA repositories in DEFAULT mode.
2024-04-25T00:19:11.022+03:00  INFO 2140 --- [           main] .s.d.r.c.RepositoryConfigurationDelegate : Finished Spring Data repository scanning in 23 ms. Found 3 JPA repository interfaces.
2024-04-25T00:19:11.079+03:00  INFO 2140 --- [           main] com.zaxxer.hikari.HikariDataSource       : HikariPool-11 - Starting...
2024-04-25T00:19:11.079+03:00  INFO 2140 --- [           main] com.zaxxer.hikari.pool.HikariPool        : HikariPool-11 - Added connection conn100: url=jdbc:h2:mem:testdb user=SA
2024-04-25T00:19:11.080+03:00  INFO 2140 --- [           main] com.zaxxer.hikari.HikariDataSource       : HikariPool-11 - Start completed.
2024-04-25T00:19:11.081+03:00  INFO 2140 --- [           main] o.hibernate.jpa.internal.util.LogHelper  : HHH000204: Processing PersistenceUnitInfo [name: default]
2024-04-25T00:19:11.083+03:00  INFO 2140 --- [           main] o.h.c.internal.RegionFactoryInitiator    : HHH000026: Second-level cache disabled
2024-04-25T00:19:11.086+03:00  INFO 2140 --- [           main] o.s.o.j.p.SpringPersistenceUnitInfo      : No LoadTimeWeaver setup: ignoring JPA class transformer
2024-04-25T00:19:11.177+03:00  INFO 2140 --- [           main] o.h.e.t.j.p.i.JtaPlatformInitiator       : HHH000489: No JTA platform available (set 'hibernate.transaction.jta.platform' to enable JTA platform integration)
2024-04-25T00:19:11.187+03:00  INFO 2140 --- [           main] j.LocalContainerEntityManagerFactoryBean : Initialized JPA EntityManagerFactory for persistence unit 'default'
2024-04-25T00:19:11.238+03:00  WARN 2140 --- [           main] JpaBaseConfiguration$JpaWebConfiguration : spring.jpa.open-in-view is enabled by default. Therefore, database queries may be performed during view rendering. Explicitly configure spring.jpa.open-in-view to disable this warning
2024-04-25T00:19:11.313+03:00  INFO 2140 --- [           main] o.s.b.t.m.w.SpringBootMockServletContext : Initializing Spring TestDispatcherServlet ''
2024-04-25T00:19:11.313+03:00  INFO 2140 --- [           main] o.s.t.web.servlet.TestDispatcherServlet  : Initializing Servlet ''
2024-04-25T00:19:11.314+03:00  INFO 2140 --- [           main] o.s.t.web.servlet.TestDispatcherServlet  : Completed initialization in 1 ms
2024-04-25T00:19:11.329+03:00  INFO 2140 --- [           main] c.s.c.UserControllerIntegrationTests     : Started UserControllerIntegrationTests in 0.492 seconds (process running for 17.577)
2024-04-25T00:19:11.481+03:00  INFO 2140 --- [           main] j.LocalContainerEntityManagerFactoryBean : Closing JPA EntityManagerFactory for persistence unit 'default'
2024-04-25T00:19:11.482+03:00  INFO 2140 --- [           main] com.zaxxer.hikari.HikariDataSource       : HikariPool-11 - Shutdown initiated...
2024-04-25T00:19:11.483+03:00  INFO 2140 --- [           main] com.zaxxer.hikari.HikariDataSource       : HikariPool-11 - Shutdown completed.
]]></system-out>
  </testcase>
  <testcase name="testPasswordEncoded" classname="com.sonmez.controllers.UserControllerIntegrationTests" time="0.16">
    <system-out><![CDATA[
  .   ____          _            __ _ _
 /\\ / ___'_ __ _ _(_)_ __  __ _ \ \ \ \
( ( )\___ | '_ | '_| | '_ \/ _` | \ \ \ \
 \\/  ___)| |_)| | | | | || (_| |  ) ) ) )
  '  |____| .__|_| |_|_| |_\__, | / / / /
 =========|_|==============|___/=/_/_/_/
 :: Spring Boot ::                (v3.2.5)

2024-04-25T00:19:11.506+03:00  INFO 2140 --- [           main] c.s.c.UserControllerIntegrationTests     : Starting UserControllerIntegrationTests using Java 21.0.2 with PID 2140 (started by MTopr in D:\Projects\website)
2024-04-25T00:19:11.506+03:00  INFO 2140 --- [           main] c.s.c.UserControllerIntegrationTests     : No active profile set, falling back to 1 default profile: "default"
2024-04-25T00:19:11.678+03:00  INFO 2140 --- [           main] .s.d.r.c.RepositoryConfigurationDelegate : Bootstrapping Spring Data JPA repositories in DEFAULT mode.
2024-04-25T00:19:11.701+03:00  INFO 2140 --- [           main] .s.d.r.c.RepositoryConfigurationDelegate : Finished Spring Data repository scanning in 22 ms. Found 3 JPA repository interfaces.
2024-04-25T00:19:11.761+03:00  INFO 2140 --- [           main] com.zaxxer.hikari.HikariDataSource       : HikariPool-12 - Starting...
2024-04-25T00:19:11.763+03:00  INFO 2140 --- [           main] com.zaxxer.hikari.pool.HikariPool        : HikariPool-12 - Added connection conn110: url=jdbc:h2:mem:testdb user=SA
2024-04-25T00:19:11.763+03:00  INFO 2140 --- [           main] com.zaxxer.hikari.HikariDataSource       : HikariPool-12 - Start completed.
2024-04-25T00:19:11.764+03:00  INFO 2140 --- [           main] o.hibernate.jpa.internal.util.LogHelper  : HHH000204: Processing PersistenceUnitInfo [name: default]
2024-04-25T00:19:11.767+03:00  INFO 2140 --- [           main] o.h.c.internal.RegionFactoryInitiator    : HHH000026: Second-level cache disabled
2024-04-25T00:19:11.772+03:00  INFO 2140 --- [           main] o.s.o.j.p.SpringPersistenceUnitInfo      : No LoadTimeWeaver setup: ignoring JPA class transformer
2024-04-25T00:19:11.863+03:00  INFO 2140 --- [           main] o.h.e.t.j.p.i.JtaPlatformInitiator       : HHH000489: No JTA platform available (set 'hibernate.transaction.jta.platform' to enable JTA platform integration)
2024-04-25T00:19:11.871+03:00  INFO 2140 --- [           main] j.LocalContainerEntityManagerFactoryBean : Initialized JPA EntityManagerFactory for persistence unit 'default'
2024-04-25T00:19:11.931+03:00  WARN 2140 --- [           main] JpaBaseConfiguration$JpaWebConfiguration : spring.jpa.open-in-view is enabled by default. Therefore, database queries may be performed during view rendering. Explicitly configure spring.jpa.open-in-view to disable this warning
2024-04-25T00:19:12.015+03:00  INFO 2140 --- [           main] o.s.b.t.m.w.SpringBootMockServletContext : Initializing Spring TestDispatcherServlet ''
2024-04-25T00:19:12.015+03:00  INFO 2140 --- [           main] o.s.t.web.servlet.TestDispatcherServlet  : Initializing Servlet ''
2024-04-25T00:19:12.015+03:00  INFO 2140 --- [           main] o.s.t.web.servlet.TestDispatcherServlet  : Completed initialization in 0 ms
2024-04-25T00:19:12.023+03:00  INFO 2140 --- [           main] c.s.c.UserControllerIntegrationTests     : Started UserControllerIntegrationTests in 0.536 seconds (process running for 18.27)
2024-04-25T00:19:12.182+03:00  INFO 2140 --- [           main] j.LocalContainerEntityManagerFactoryBean : Closing JPA EntityManagerFactory for persistence unit 'default'
2024-04-25T00:19:12.185+03:00  INFO 2140 --- [           main] com.zaxxer.hikari.HikariDataSource       : HikariPool-12 - Shutdown initiated...
2024-04-25T00:19:12.186+03:00  INFO 2140 --- [           main] com.zaxxer.hikari.HikariDataSource       : HikariPool-12 - Shutdown completed.
]]></system-out>
  </testcase>
  <testcase name="getUserTest" classname="com.sonmez.controllers.UserControllerIntegrationTests" time="0.112">
    <system-out><![CDATA[
  .   ____          _            __ _ _
 /\\ / ___'_ __ _ _(_)_ __  __ _ \ \ \ \
( ( )\___ | '_ | '_| | '_ \/ _` | \ \ \ \
 \\/  ___)| |_)| | | | | || (_| |  ) ) ) )
  '  |____| .__|_| |_|_| |_\__, | / / / /
 =========|_|==============|___/=/_/_/_/
 :: Spring Boot ::                (v3.2.5)

2024-04-25T00:19:12.201+03:00  INFO 2140 --- [           main] c.s.c.UserControllerIntegrationTests     : Starting UserControllerIntegrationTests using Java 21.0.2 with PID 2140 (started by MTopr in D:\Projects\website)
2024-04-25T00:19:12.201+03:00  INFO 2140 --- [           main] c.s.c.UserControllerIntegrationTests     : No active profile set, falling back to 1 default profile: "default"
2024-04-25T00:19:12.374+03:00  INFO 2140 --- [           main] .s.d.r.c.RepositoryConfigurationDelegate : Bootstrapping Spring Data JPA repositories in DEFAULT mode.
2024-04-25T00:19:12.396+03:00  INFO 2140 --- [           main] .s.d.r.c.RepositoryConfigurationDelegate : Finished Spring Data repository scanning in 21 ms. Found 3 JPA repository interfaces.
2024-04-25T00:19:12.463+03:00  INFO 2140 --- [           main] com.zaxxer.hikari.HikariDataSource       : HikariPool-13 - Starting...
2024-04-25T00:19:12.464+03:00  INFO 2140 --- [           main] com.zaxxer.hikari.pool.HikariPool        : HikariPool-13 - Added connection conn120: url=jdbc:h2:mem:testdb user=SA
2024-04-25T00:19:12.464+03:00  INFO 2140 --- [           main] com.zaxxer.hikari.HikariDataSource       : HikariPool-13 - Start completed.
2024-04-25T00:19:12.465+03:00  INFO 2140 --- [           main] o.hibernate.jpa.internal.util.LogHelper  : HHH000204: Processing PersistenceUnitInfo [name: default]
2024-04-25T00:19:12.468+03:00  INFO 2140 --- [           main] o.h.c.internal.RegionFactoryInitiator    : HHH000026: Second-level cache disabled
2024-04-25T00:19:12.473+03:00  INFO 2140 --- [           main] o.s.o.j.p.SpringPersistenceUnitInfo      : No LoadTimeWeaver setup: ignoring JPA class transformer
2024-04-25T00:19:12.561+03:00  INFO 2140 --- [           main] o.h.e.t.j.p.i.JtaPlatformInitiator       : HHH000489: No JTA platform available (set 'hibernate.transaction.jta.platform' to enable JTA platform integration)
2024-04-25T00:19:12.573+03:00  INFO 2140 --- [           main] j.LocalContainerEntityManagerFactoryBean : Initialized JPA EntityManagerFactory for persistence unit 'default'
2024-04-25T00:19:12.636+03:00  WARN 2140 --- [           main] JpaBaseConfiguration$JpaWebConfiguration : spring.jpa.open-in-view is enabled by default. Therefore, database queries may be performed during view rendering. Explicitly configure spring.jpa.open-in-view to disable this warning
2024-04-25T00:19:12.722+03:00  INFO 2140 --- [           main] o.s.b.t.m.w.SpringBootMockServletContext : Initializing Spring TestDispatcherServlet ''
2024-04-25T00:19:12.722+03:00  INFO 2140 --- [           main] o.s.t.web.servlet.TestDispatcherServlet  : Initializing Servlet ''
2024-04-25T00:19:12.724+03:00  INFO 2140 --- [           main] o.s.t.web.servlet.TestDispatcherServlet  : Completed initialization in 1 ms
2024-04-25T00:19:12.730+03:00  INFO 2140 --- [           main] c.s.c.UserControllerIntegrationTests     : Started UserControllerIntegrationTests in 0.542 seconds (process running for 18.977)
2024-04-25T00:19:12.843+03:00  INFO 2140 --- [           main] j.LocalContainerEntityManagerFactoryBean : Closing JPA EntityManagerFactory for persistence unit 'default'
2024-04-25T00:19:12.845+03:00  INFO 2140 --- [           main] com.zaxxer.hikari.HikariDataSource       : HikariPool-13 - Shutdown initiated...
2024-04-25T00:19:12.846+03:00  INFO 2140 --- [           main] com.zaxxer.hikari.HikariDataSource       : HikariPool-13 - Shutdown completed.
]]></system-out>
  </testcase>
</testsuite>