<?xml version="1.0" encoding="UTF-8"?>
<testsuite xmlns:xsi="http://www.w3.org/2001/XMLSchema-instance" xsi:noNamespaceSchemaLocation="https://maven.apache.org/surefire/maven-surefire-plugin/xsd/surefire-test-report-3.0.xsd" version="3.0" name="com.ecommerce.website.controllers.ProductControllerIntegrationTests" time="7.424" tests="5" errors="0" skipped="0" failures="0">
  <properties>
[...]
</properties>
  <testcase name="getProductTest" classname="com.ecommerce.website.controllers.ProductControllerIntegrationTests" time="0.422">
    <system-out><![CDATA[2024-04-28T02:47:54.332+03:00  INFO 10468 --- [           main] t.c.s.AnnotationConfigContextLoaderUtils : Could not detect default configuration classes for test class [com.ecommerce.website.controllers.ProductControllerIntegrationTests]: ProductControllerIntegrationTests does not declare any static, non-private, non-final, nested classes annotated with @Configuration.
2024-04-28T02:47:54.381+03:00  INFO 10468 --- [           main] .b.t.c.SpringBootTestContextBootstrapper : Found @SpringBootConfiguration com.ecommerce.website.Application for test class com.ecommerce.website.controllers.ProductControllerIntegrationTests

  .   ____          _            __ _ _
 /\\ / ___'_ __ _ _(_)_ __  __ _ \ \ \ \
( ( )\___ | '_ | '_| | '_ \/ _` | \ \ \ \
 \\/  ___)| |_)| | | | | || (_| |  ) ) ) )
  '  |____| .__|_| |_|_| |_\__, | / / / /
 =========|_|==============|___/=/_/_/_/
 :: Spring Boot ::                (v3.2.5)

2024-04-28T02:47:54.424+03:00  INFO 10468 --- [           main] .e.w.c.ProductControllerIntegrationTests : Starting ProductControllerIntegrationTests using Java 21.0.2 with PID 10468 (started by MTopr in D:\Projects\ECommerce-Backend)
2024-04-28T02:47:54.424+03:00  INFO 10468 --- [           main] .e.w.c.ProductControllerIntegrationTests : No active profile set, falling back to 1 default profile: "default"
2024-04-28T02:47:54.718+03:00  INFO 10468 --- [           main] .s.d.r.c.RepositoryConfigurationDelegate : Bootstrapping Spring Data JPA repositories in DEFAULT mode.
2024-04-28T02:47:54.755+03:00  INFO 10468 --- [           main] .s.d.r.c.RepositoryConfigurationDelegate : Finished Spring Data repository scanning in 36 ms. Found 4 JPA repository interfaces.
2024-04-28T02:47:54.901+03:00  INFO 10468 --- [           main] com.zaxxer.hikari.HikariDataSource       : HikariPool-2 - Starting...
2024-04-28T02:47:54.902+03:00  INFO 10468 --- [           main] com.zaxxer.hikari.pool.HikariPool        : HikariPool-2 - Added connection conn10: url=jdbc:h2:mem:testdb user=SA
2024-04-28T02:47:54.903+03:00  INFO 10468 --- [           main] com.zaxxer.hikari.HikariDataSource       : HikariPool-2 - Start completed.
2024-04-28T02:47:54.905+03:00  INFO 10468 --- [           main] o.hibernate.jpa.internal.util.LogHelper  : HHH000204: Processing PersistenceUnitInfo [name: default]
2024-04-28T02:47:54.908+03:00  INFO 10468 --- [           main] o.h.c.internal.RegionFactoryInitiator    : HHH000026: Second-level cache disabled
2024-04-28T02:47:54.913+03:00  INFO 10468 --- [           main] o.s.o.j.p.SpringPersistenceUnitInfo      : No LoadTimeWeaver setup: ignoring JPA class transformer
2024-04-28T02:47:55.095+03:00  INFO 10468 --- [           main] o.h.e.t.j.p.i.JtaPlatformInitiator       : HHH000489: No JTA platform available (set 'hibernate.transaction.jta.platform' to enable JTA platform integration)
2024-04-28T02:47:55.115+03:00  INFO 10468 --- [           main] j.LocalContainerEntityManagerFactoryBean : Initialized JPA EntityManagerFactory for persistence unit 'default'
2024-04-28T02:47:55.220+03:00  WARN 10468 --- [           main] JpaBaseConfiguration$JpaWebConfiguration : spring.jpa.open-in-view is enabled by default. Therefore, database queries may be performed during view rendering. Explicitly configure spring.jpa.open-in-view to disable this warning
2024-04-28T02:47:55.318+03:00  INFO 10468 --- [           main] o.s.s.web.DefaultSecurityFilterChain     : Will secure any request with [org.springframework.security.web.session.DisableEncodeUrlFilter@282831ea, org.springframework.security.web.context.request.async.WebAsyncManagerIntegrationFilter@118932fe, org.springframework.security.web.context.SecurityContextHolderFilter@e30573c, org.springframework.security.web.header.HeaderWriterFilter@24e63b9f, org.springframework.web.filter.CorsFilter@7153995c, org.springframework.security.web.authentication.logout.LogoutFilter@5eace68f, com.ecommerce.website.security.jwt.AuthTokenFilter@461e9b31, org.springframework.security.web.savedrequest.RequestCacheAwareFilter@2c70da80, org.springframework.security.web.servletapi.SecurityContextHolderAwareRequestFilter@39df2652, org.springframework.security.web.authentication.AnonymousAuthenticationFilter@3b256d50, org.springframework.security.web.session.SessionManagementFilter@31eb5ed6, org.springframework.security.web.access.ExceptionTranslationFilter@10164e94, org.springframework.security.web.access.intercept.AuthorizationFilter@340fd670]
2024-04-28T02:47:55.492+03:00  INFO 10468 --- [           main] o.s.b.t.m.w.SpringBootMockServletContext : Initializing Spring TestDispatcherServlet ''
2024-04-28T02:47:55.493+03:00  INFO 10468 --- [           main] o.s.t.web.servlet.TestDispatcherServlet  : Initializing Servlet ''
2024-04-28T02:47:55.494+03:00  INFO 10468 --- [           main] o.s.t.web.servlet.TestDispatcherServlet  : Completed initialization in 1 ms
2024-04-28T02:47:55.596+03:00  INFO 10468 --- [           main] .e.w.c.ProductControllerIntegrationTests : Started ProductControllerIntegrationTests in 1.205 seconds (process running for 10.685)
2024-04-28T02:47:56.006+03:00  INFO 10468 --- [           main] j.LocalContainerEntityManagerFactoryBean : Closing JPA EntityManagerFactory for persistence unit 'default'
2024-04-28T02:47:56.019+03:00  INFO 10468 --- [           main] com.zaxxer.hikari.HikariDataSource       : HikariPool-2 - Shutdown initiated...
2024-04-28T02:47:56.023+03:00  INFO 10468 --- [           main] com.zaxxer.hikari.HikariDataSource       : HikariPool-2 - Shutdown completed.
]]></system-out>
  </testcase>
  <testcase name="deleteProductTest" classname="com.ecommerce.website.controllers.ProductControllerIntegrationTests" time="0.62">
    <system-out><![CDATA[
  .   ____          _            __ _ _
 /\\ / ___'_ __ _ _(_)_ __  __ _ \ \ \ \
( ( )\___ | '_ | '_| | '_ \/ _` | \ \ \ \
 \\/  ___)| |_)| | | | | || (_| |  ) ) ) )
  '  |____| .__|_| |_|_| |_\__, | / / / /
 =========|_|==============|___/=/_/_/_/
 :: Spring Boot ::                (v3.2.5)

2024-04-28T02:47:56.054+03:00  INFO 10468 --- [           main] .e.w.c.ProductControllerIntegrationTests : Starting ProductControllerIntegrationTests using Java 21.0.2 with PID 10468 (started by MTopr in D:\Projects\ECommerce-Backend)
2024-04-28T02:47:56.054+03:00  INFO 10468 --- [           main] .e.w.c.ProductControllerIntegrationTests : No active profile set, falling back to 1 default profile: "default"
2024-04-28T02:47:56.347+03:00  INFO 10468 --- [           main] .s.d.r.c.RepositoryConfigurationDelegate : Bootstrapping Spring Data JPA repositories in DEFAULT mode.
2024-04-28T02:47:56.379+03:00  INFO 10468 --- [           main] .s.d.r.c.RepositoryConfigurationDelegate : Finished Spring Data repository scanning in 32 ms. Found 4 JPA repository interfaces.
2024-04-28T02:47:56.472+03:00  INFO 10468 --- [           main] com.zaxxer.hikari.HikariDataSource       : HikariPool-3 - Starting...
2024-04-28T02:47:56.474+03:00  INFO 10468 --- [           main] com.zaxxer.hikari.pool.HikariPool        : HikariPool-3 - Added connection conn20: url=jdbc:h2:mem:testdb user=SA
2024-04-28T02:47:56.474+03:00  INFO 10468 --- [           main] com.zaxxer.hikari.HikariDataSource       : HikariPool-3 - Start completed.
2024-04-28T02:47:56.476+03:00  INFO 10468 --- [           main] o.hibernate.jpa.internal.util.LogHelper  : HHH000204: Processing PersistenceUnitInfo [name: default]
2024-04-28T02:47:56.478+03:00  INFO 10468 --- [           main] o.h.c.internal.RegionFactoryInitiator    : HHH000026: Second-level cache disabled
2024-04-28T02:47:56.483+03:00  INFO 10468 --- [           main] o.s.o.j.p.SpringPersistenceUnitInfo      : No LoadTimeWeaver setup: ignoring JPA class transformer
2024-04-28T02:47:56.613+03:00  INFO 10468 --- [           main] o.h.e.t.j.p.i.JtaPlatformInitiator       : HHH000489: No JTA platform available (set 'hibernate.transaction.jta.platform' to enable JTA platform integration)
2024-04-28T02:47:56.635+03:00  INFO 10468 --- [           main] j.LocalContainerEntityManagerFactoryBean : Initialized JPA EntityManagerFactory for persistence unit 'default'
2024-04-28T02:47:56.782+03:00  WARN 10468 --- [           main] JpaBaseConfiguration$JpaWebConfiguration : spring.jpa.open-in-view is enabled by default. Therefore, database queries may be performed during view rendering. Explicitly configure spring.jpa.open-in-view to disable this warning
2024-04-28T02:47:56.856+03:00  INFO 10468 --- [           main] o.s.s.web.DefaultSecurityFilterChain     : Will secure any request with [org.springframework.security.web.session.DisableEncodeUrlFilter@39caf68a, org.springframework.security.web.context.request.async.WebAsyncManagerIntegrationFilter@160c47b4, org.springframework.security.web.context.SecurityContextHolderFilter@bafb3bd, org.springframework.security.web.header.HeaderWriterFilter@49f8b57d, org.springframework.web.filter.CorsFilter@ce4a8a2, org.springframework.security.web.authentication.logout.LogoutFilter@37930f48, com.ecommerce.website.security.jwt.AuthTokenFilter@46724526, org.springframework.security.web.savedrequest.RequestCacheAwareFilter@5ae6a240, org.springframework.security.web.servletapi.SecurityContextHolderAwareRequestFilter@56b9a73c, org.springframework.security.web.authentication.AnonymousAuthenticationFilter@53b1a09f, org.springframework.security.web.session.SessionManagementFilter@4b6b9255, org.springframework.security.web.access.ExceptionTranslationFilter@11581810, org.springframework.security.web.access.intercept.AuthorizationFilter@43139322]
2024-04-28T02:47:56.962+03:00  INFO 10468 --- [           main] o.s.b.t.m.w.SpringBootMockServletContext : Initializing Spring TestDispatcherServlet ''
2024-04-28T02:47:56.962+03:00  INFO 10468 --- [           main] o.s.t.web.servlet.TestDispatcherServlet  : Initializing Servlet ''
2024-04-28T02:47:56.963+03:00  INFO 10468 --- [           main] o.s.t.web.servlet.TestDispatcherServlet  : Completed initialization in 1 ms
2024-04-28T02:47:57.077+03:00  INFO 10468 --- [           main] .e.w.c.ProductControllerIntegrationTests : Started ProductControllerIntegrationTests in 1.049 seconds (process running for 12.165)
2024-04-28T02:47:57.094+03:00 ERROR 10468 --- [           main] c.e.w.security.jwt.AuthEntryPointJwt     : Unauthorized error: Full authentication is required to access this resource
2024-04-28T02:47:57.694+03:00  INFO 10468 --- [           main] j.LocalContainerEntityManagerFactoryBean : Closing JPA EntityManagerFactory for persistence unit 'default'
2024-04-28T02:47:57.698+03:00  INFO 10468 --- [           main] com.zaxxer.hikari.HikariDataSource       : HikariPool-3 - Shutdown initiated...
2024-04-28T02:47:57.699+03:00  INFO 10468 --- [           main] com.zaxxer.hikari.HikariDataSource       : HikariPool-3 - Shutdown completed.
]]></system-out>
  </testcase>
  <testcase name="createProductTest" classname="com.ecommerce.website.controllers.ProductControllerIntegrationTests" time="0.564">
    <system-out><![CDATA[
  .   ____          _            __ _ _
 /\\ / ___'_ __ _ _(_)_ __  __ _ \ \ \ \
( ( )\___ | '_ | '_| | '_ \/ _` | \ \ \ \
 \\/  ___)| |_)| | | | | || (_| |  ) ) ) )
  '  |____| .__|_| |_|_| |_\__, | / / / /
 =========|_|==============|___/=/_/_/_/
 :: Spring Boot ::                (v3.2.5)

2024-04-28T02:47:57.726+03:00  INFO 10468 --- [           main] .e.w.c.ProductControllerIntegrationTests : Starting ProductControllerIntegrationTests using Java 21.0.2 with PID 10468 (started by MTopr in D:\Projects\ECommerce-Backend)
2024-04-28T02:47:57.726+03:00  INFO 10468 --- [           main] .e.w.c.ProductControllerIntegrationTests : No active profile set, falling back to 1 default profile: "default"
2024-04-28T02:47:57.977+03:00  INFO 10468 --- [           main] .s.d.r.c.RepositoryConfigurationDelegate : Bootstrapping Spring Data JPA repositories in DEFAULT mode.
2024-04-28T02:47:58.011+03:00  INFO 10468 --- [           main] .s.d.r.c.RepositoryConfigurationDelegate : Finished Spring Data repository scanning in 33 ms. Found 4 JPA repository interfaces.
2024-04-28T02:47:58.108+03:00  INFO 10468 --- [           main] com.zaxxer.hikari.HikariDataSource       : HikariPool-4 - Starting...
2024-04-28T02:47:58.109+03:00  INFO 10468 --- [           main] com.zaxxer.hikari.pool.HikariPool        : HikariPool-4 - Added connection conn30: url=jdbc:h2:mem:testdb user=SA
2024-04-28T02:47:58.109+03:00  INFO 10468 --- [           main] com.zaxxer.hikari.HikariDataSource       : HikariPool-4 - Start completed.
2024-04-28T02:47:58.111+03:00  INFO 10468 --- [           main] o.hibernate.jpa.internal.util.LogHelper  : HHH000204: Processing PersistenceUnitInfo [name: default]
2024-04-28T02:47:58.114+03:00  INFO 10468 --- [           main] o.h.c.internal.RegionFactoryInitiator    : HHH000026: Second-level cache disabled
2024-04-28T02:47:58.118+03:00  INFO 10468 --- [           main] o.s.o.j.p.SpringPersistenceUnitInfo      : No LoadTimeWeaver setup: ignoring JPA class transformer
2024-04-28T02:47:58.235+03:00  INFO 10468 --- [           main] o.h.e.t.j.p.i.JtaPlatformInitiator       : HHH000489: No JTA platform available (set 'hibernate.transaction.jta.platform' to enable JTA platform integration)
2024-04-28T02:47:58.251+03:00  INFO 10468 --- [           main] j.LocalContainerEntityManagerFactoryBean : Initialized JPA EntityManagerFactory for persistence unit 'default'
2024-04-28T02:47:58.329+03:00  WARN 10468 --- [           main] JpaBaseConfiguration$JpaWebConfiguration : spring.jpa.open-in-view is enabled by default. Therefore, database queries may be performed during view rendering. Explicitly configure spring.jpa.open-in-view to disable this warning
2024-04-28T02:47:58.435+03:00  INFO 10468 --- [           main] o.s.s.web.DefaultSecurityFilterChain     : Will secure any request with [org.springframework.security.web.session.DisableEncodeUrlFilter@4a5d8ae4, org.springframework.security.web.context.request.async.WebAsyncManagerIntegrationFilter@5c1a728, org.springframework.security.web.context.SecurityContextHolderFilter@6b0fece4, org.springframework.security.web.header.HeaderWriterFilter@16e1a441, org.springframework.web.filter.CorsFilter@34b846a1, org.springframework.security.web.authentication.logout.LogoutFilter@2c6c67e0, com.ecommerce.website.security.jwt.AuthTokenFilter@4d548ae7, org.springframework.security.web.savedrequest.RequestCacheAwareFilter@46bf0d38, org.springframework.security.web.servletapi.SecurityContextHolderAwareRequestFilter@5d676a02, org.springframework.security.web.authentication.AnonymousAuthenticationFilter@690506b0, org.springframework.security.web.session.SessionManagementFilter@24e82f43, org.springframework.security.web.access.ExceptionTranslationFilter@1517015c, org.springframework.security.web.access.intercept.AuthorizationFilter@745526a0]
2024-04-28T02:47:58.536+03:00  INFO 10468 --- [           main] o.s.b.t.m.w.SpringBootMockServletContext : Initializing Spring TestDispatcherServlet ''
2024-04-28T02:47:58.536+03:00  INFO 10468 --- [           main] o.s.t.web.servlet.TestDispatcherServlet  : Initializing Servlet ''
2024-04-28T02:47:58.537+03:00  INFO 10468 --- [           main] o.s.t.web.servlet.TestDispatcherServlet  : Completed initialization in 0 ms
2024-04-28T02:47:58.639+03:00  INFO 10468 --- [           main] .e.w.c.ProductControllerIntegrationTests : Started ProductControllerIntegrationTests in 0.935 seconds (process running for 13.727)
2024-04-28T02:47:58.659+03:00 ERROR 10468 --- [           main] c.e.w.security.jwt.AuthEntryPointJwt     : Unauthorized error: Full authentication is required to access this resource
2024-04-28T02:47:59.201+03:00  INFO 10468 --- [           main] j.LocalContainerEntityManagerFactoryBean : Closing JPA EntityManagerFactory for persistence unit 'default'
2024-04-28T02:47:59.205+03:00  INFO 10468 --- [           main] com.zaxxer.hikari.HikariDataSource       : HikariPool-4 - Shutdown initiated...
2024-04-28T02:47:59.206+03:00  INFO 10468 --- [           main] com.zaxxer.hikari.HikariDataSource       : HikariPool-4 - Shutdown completed.
]]></system-out>
  </testcase>
  <testcase name="listProductsTest" classname="com.ecommerce.website.controllers.ProductControllerIntegrationTests" time="0.087">
    <system-out><![CDATA[
  .   ____          _            __ _ _
 /\\ / ___'_ __ _ _(_)_ __  __ _ \ \ \ \
( ( )\___ | '_ | '_| | '_ \/ _` | \ \ \ \
 \\/  ___)| |_)| | | | | || (_| |  ) ) ) )
  '  |____| .__|_| |_|_| |_\__, | / / / /
 =========|_|==============|___/=/_/_/_/
 :: Spring Boot ::                (v3.2.5)

2024-04-28T02:47:59.224+03:00  INFO 10468 --- [           main] .e.w.c.ProductControllerIntegrationTests : Starting ProductControllerIntegrationTests using Java 21.0.2 with PID 10468 (started by MTopr in D:\Projects\ECommerce-Backend)
2024-04-28T02:47:59.225+03:00  INFO 10468 --- [           main] .e.w.c.ProductControllerIntegrationTests : No active profile set, falling back to 1 default profile: "default"
2024-04-28T02:47:59.426+03:00  INFO 10468 --- [           main] .s.d.r.c.RepositoryConfigurationDelegate : Bootstrapping Spring Data JPA repositories in DEFAULT mode.
2024-04-28T02:47:59.459+03:00  INFO 10468 --- [           main] .s.d.r.c.RepositoryConfigurationDelegate : Finished Spring Data repository scanning in 33 ms. Found 4 JPA repository interfaces.
2024-04-28T02:47:59.536+03:00  INFO 10468 --- [           main] com.zaxxer.hikari.HikariDataSource       : HikariPool-5 - Starting...
2024-04-28T02:47:59.537+03:00  INFO 10468 --- [           main] com.zaxxer.hikari.pool.HikariPool        : HikariPool-5 - Added connection conn40: url=jdbc:h2:mem:testdb user=SA
2024-04-28T02:47:59.538+03:00  INFO 10468 --- [           main] com.zaxxer.hikari.HikariDataSource       : HikariPool-5 - Start completed.
2024-04-28T02:47:59.539+03:00  INFO 10468 --- [           main] o.hibernate.jpa.internal.util.LogHelper  : HHH000204: Processing PersistenceUnitInfo [name: default]
2024-04-28T02:47:59.542+03:00  INFO 10468 --- [           main] o.h.c.internal.RegionFactoryInitiator    : HHH000026: Second-level cache disabled
2024-04-28T02:47:59.547+03:00  INFO 10468 --- [           main] o.s.o.j.p.SpringPersistenceUnitInfo      : No LoadTimeWeaver setup: ignoring JPA class transformer
2024-04-28T02:47:59.657+03:00  INFO 10468 --- [           main] o.h.e.t.j.p.i.JtaPlatformInitiator       : HHH000489: No JTA platform available (set 'hibernate.transaction.jta.platform' to enable JTA platform integration)
2024-04-28T02:47:59.671+03:00  INFO 10468 --- [           main] j.LocalContainerEntityManagerFactoryBean : Initialized JPA EntityManagerFactory for persistence unit 'default'
2024-04-28T02:47:59.753+03:00  WARN 10468 --- [           main] JpaBaseConfiguration$JpaWebConfiguration : spring.jpa.open-in-view is enabled by default. Therefore, database queries may be performed during view rendering. Explicitly configure spring.jpa.open-in-view to disable this warning
2024-04-28T02:47:59.819+03:00  INFO 10468 --- [           main] o.s.s.web.DefaultSecurityFilterChain     : Will secure any request with [org.springframework.security.web.session.DisableEncodeUrlFilter@1cfb035c, org.springframework.security.web.context.request.async.WebAsyncManagerIntegrationFilter@2d22d4b9, org.springframework.security.web.context.SecurityContextHolderFilter@25428bab, org.springframework.security.web.header.HeaderWriterFilter@11d59d0, org.springframework.web.filter.CorsFilter@9b9a322, org.springframework.security.web.authentication.logout.LogoutFilter@418e1cd6, com.ecommerce.website.security.jwt.AuthTokenFilter@7773d139, org.springframework.security.web.savedrequest.RequestCacheAwareFilter@15fe48f5, org.springframework.security.web.servletapi.SecurityContextHolderAwareRequestFilter@7ec65043, org.springframework.security.web.authentication.AnonymousAuthenticationFilter@21e00efb, org.springframework.security.web.session.SessionManagementFilter@1ba2a958, org.springframework.security.web.access.ExceptionTranslationFilter@391133ad, org.springframework.security.web.access.intercept.AuthorizationFilter@6a584533]
2024-04-28T02:47:59.922+03:00  INFO 10468 --- [           main] o.s.b.t.m.w.SpringBootMockServletContext : Initializing Spring TestDispatcherServlet ''
2024-04-28T02:47:59.923+03:00  INFO 10468 --- [           main] o.s.t.web.servlet.TestDispatcherServlet  : Initializing Servlet ''
2024-04-28T02:47:59.924+03:00  INFO 10468 --- [           main] o.s.t.web.servlet.TestDispatcherServlet  : Completed initialization in 1 ms
2024-04-28T02:48:00.024+03:00  INFO 10468 --- [           main] .e.w.c.ProductControllerIntegrationTests : Started ProductControllerIntegrationTests in 0.815 seconds (process running for 15.112)
2024-04-28T02:48:00.109+03:00  INFO 10468 --- [           main] j.LocalContainerEntityManagerFactoryBean : Closing JPA EntityManagerFactory for persistence unit 'default'
2024-04-28T02:48:00.113+03:00  INFO 10468 --- [           main] com.zaxxer.hikari.HikariDataSource       : HikariPool-5 - Shutdown initiated...
2024-04-28T02:48:00.114+03:00  INFO 10468 --- [           main] com.zaxxer.hikari.HikariDataSource       : HikariPool-5 - Shutdown completed.
]]></system-out>
  </testcase>
  <testcase name="updateProductTest" classname="com.ecommerce.website.controllers.ProductControllerIntegrationTests" time="0.825">
    <system-out><![CDATA[
  .   ____          _            __ _ _
 /\\ / ___'_ __ _ _(_)_ __  __ _ \ \ \ \
( ( )\___ | '_ | '_| | '_ \/ _` | \ \ \ \
 \\/  ___)| |_)| | | | | || (_| |  ) ) ) )
  '  |____| .__|_| |_|_| |_\__, | / / / /
 =========|_|==============|___/=/_/_/_/
 :: Spring Boot ::                (v3.2.5)

2024-04-28T02:48:00.136+03:00  INFO 10468 --- [           main] .e.w.c.ProductControllerIntegrationTests : Starting ProductControllerIntegrationTests using Java 21.0.2 with PID 10468 (started by MTopr in D:\Projects\ECommerce-Backend)
2024-04-28T02:48:00.136+03:00  INFO 10468 --- [           main] .e.w.c.ProductControllerIntegrationTests : No active profile set, falling back to 1 default profile: "default"
2024-04-28T02:48:00.341+03:00  INFO 10468 --- [           main] .s.d.r.c.RepositoryConfigurationDelegate : Bootstrapping Spring Data JPA repositories in DEFAULT mode.
2024-04-28T02:48:00.371+03:00  INFO 10468 --- [           main] .s.d.r.c.RepositoryConfigurationDelegate : Finished Spring Data repository scanning in 29 ms. Found 4 JPA repository interfaces.
2024-04-28T02:48:00.451+03:00  INFO 10468 --- [           main] com.zaxxer.hikari.HikariDataSource       : HikariPool-6 - Starting...
2024-04-28T02:48:00.453+03:00  INFO 10468 --- [           main] com.zaxxer.hikari.pool.HikariPool        : HikariPool-6 - Added connection conn50: url=jdbc:h2:mem:testdb user=SA
2024-04-28T02:48:00.453+03:00  INFO 10468 --- [           main] com.zaxxer.hikari.HikariDataSource       : HikariPool-6 - Start completed.
2024-04-28T02:48:00.454+03:00  INFO 10468 --- [           main] o.hibernate.jpa.internal.util.LogHelper  : HHH000204: Processing PersistenceUnitInfo [name: default]
2024-04-28T02:48:00.456+03:00  INFO 10468 --- [           main] o.h.c.internal.RegionFactoryInitiator    : HHH000026: Second-level cache disabled
2024-04-28T02:48:00.477+03:00  INFO 10468 --- [           main] o.s.o.j.p.SpringPersistenceUnitInfo      : No LoadTimeWeaver setup: ignoring JPA class transformer
2024-04-28T02:48:00.588+03:00  INFO 10468 --- [           main] o.h.e.t.j.p.i.JtaPlatformInitiator       : HHH000489: No JTA platform available (set 'hibernate.transaction.jta.platform' to enable JTA platform integration)
2024-04-28T02:48:00.599+03:00  INFO 10468 --- [           main] j.LocalContainerEntityManagerFactoryBean : Initialized JPA EntityManagerFactory for persistence unit 'default'
2024-04-28T02:48:00.672+03:00  WARN 10468 --- [           main] JpaBaseConfiguration$JpaWebConfiguration : spring.jpa.open-in-view is enabled by default. Therefore, database queries may be performed during view rendering. Explicitly configure spring.jpa.open-in-view to disable this warning
2024-04-28T02:48:00.740+03:00  INFO 10468 --- [           main] o.s.s.web.DefaultSecurityFilterChain     : Will secure any request with [org.springframework.security.web.session.DisableEncodeUrlFilter@270a73ba, org.springframework.security.web.context.request.async.WebAsyncManagerIntegrationFilter@720bacd7, org.springframework.security.web.context.SecurityContextHolderFilter@15cf25ce, org.springframework.security.web.header.HeaderWriterFilter@3456e3b3, org.springframework.web.filter.CorsFilter@777a2b88, org.springframework.security.web.authentication.logout.LogoutFilter@31ec9703, com.ecommerce.website.security.jwt.AuthTokenFilter@181cf791, org.springframework.security.web.savedrequest.RequestCacheAwareFilter@1e7a20d5, org.springframework.security.web.servletapi.SecurityContextHolderAwareRequestFilter@1db203d2, org.springframework.security.web.authentication.AnonymousAuthenticationFilter@762af903, org.springframework.security.web.session.SessionManagementFilter@270cf3eb, org.springframework.security.web.access.ExceptionTranslationFilter@3c36f10b, org.springframework.security.web.access.intercept.AuthorizationFilter@73fe55f9]
2024-04-28T02:48:00.831+03:00  INFO 10468 --- [           main] o.s.b.t.m.w.SpringBootMockServletContext : Initializing Spring TestDispatcherServlet ''
2024-04-28T02:48:00.831+03:00  INFO 10468 --- [           main] o.s.t.web.servlet.TestDispatcherServlet  : Initializing Servlet ''
2024-04-28T02:48:00.832+03:00  INFO 10468 --- [           main] o.s.t.web.servlet.TestDispatcherServlet  : Completed initialization in 1 ms
2024-04-28T02:48:00.925+03:00  INFO 10468 --- [           main] .e.w.c.ProductControllerIntegrationTests : Started ProductControllerIntegrationTests in 0.808 seconds (process running for 16.013)
2024-04-28T02:48:00.943+03:00 ERROR 10468 --- [           main] c.e.w.security.jwt.AuthEntryPointJwt     : Unauthorized error: Full authentication is required to access this resource
2024-04-28T02:48:01.748+03:00  INFO 10468 --- [           main] j.LocalContainerEntityManagerFactoryBean : Closing JPA EntityManagerFactory for persistence unit 'default'
2024-04-28T02:48:01.750+03:00  INFO 10468 --- [           main] com.zaxxer.hikari.HikariDataSource       : HikariPool-6 - Shutdown initiated...
2024-04-28T02:48:01.752+03:00  INFO 10468 --- [           main] com.zaxxer.hikari.HikariDataSource       : HikariPool-6 - Shutdown completed.
]]></system-out>
  </testcase>
</testsuite>